  [1m[35m (496.4ms)[0m  [1m[35mCREATE DATABASE "cats99_development" ENCODING = 'unicode'[0m
  ↳ bin/rails:9
  [1m[35m (248.7ms)[0m  [1m[35mCREATE DATABASE "cats99_test" ENCODING = 'unicode'[0m
  ↳ bin/rails:9
  [1m[35m (278.1ms)[0m  [1m[35mCREATE TABLE "schema_migrations" ("version" character varying NOT NULL PRIMARY KEY)[0m
  ↳ bin/rails:9
  [1m[35m (10.1ms)[0m  [1m[35mCREATE TABLE "ar_internal_metadata" ("key" character varying NOT NULL PRIMARY KEY, "value" character varying, "created_at" timestamp NOT NULL, "updated_at" timestamp NOT NULL)[0m
  ↳ bin/rails:9
  [1m[35m (28.4ms)[0m  [1m[34mSELECT pg_try_advisory_lock(7809834472913233005)[0m
  ↳ bin/rails:9
  [1m[35m (3.7ms)[0m  [1m[34mSELECT "schema_migrations"."version" FROM "schema_migrations" ORDER BY "schema_migrations"."version" ASC[0m
  ↳ bin/rails:9
Migrating to CreateCats (20180911182544)
  [1m[35m (2.8ms)[0m  [1m[35mBEGIN[0m
  ↳ bin/rails:9
  [1m[35m (135.0ms)[0m  [1m[35mCREATE TABLE "cats" ("id" bigserial primary key, "birth_date" date NOT NULL, "color" character varying NOT NULL, "name" character varying NOT NULL, "sex" character varying(1) NOT NULL, "description" text NOT NULL, "created_at" timestamp NOT NULL, "updated_at" timestamp NOT NULL)[0m
  ↳ db/migrate/20180911182544_create_cats.rb:3
  [1m[36mActiveRecord::SchemaMigration Create (73.9ms)[0m  [1m[32mINSERT INTO "schema_migrations" ("version") VALUES ($1) RETURNING "version"[0m  [["version", "20180911182544"]]
  ↳ bin/rails:9
  [1m[35m (0.8ms)[0m  [1m[35mCOMMIT[0m
  ↳ bin/rails:9
  [1m[36mActiveRecord::InternalMetadata Load (10.7ms)[0m  [1m[34mSELECT  "ar_internal_metadata".* FROM "ar_internal_metadata" WHERE "ar_internal_metadata"."key" = $1 LIMIT $2[0m  [["key", "environment"], ["LIMIT", 1]]
  ↳ bin/rails:9
  [1m[35m (0.2ms)[0m  [1m[35mBEGIN[0m
  ↳ bin/rails:9
  [1m[36mActiveRecord::InternalMetadata Create (21.7ms)[0m  [1m[32mINSERT INTO "ar_internal_metadata" ("key", "value", "created_at", "updated_at") VALUES ($1, $2, $3, $4) RETURNING "key"[0m  [["key", "environment"], ["value", "development"], ["created_at", "2018-09-11 18:34:36.713525"], ["updated_at", "2018-09-11 18:34:36.713525"]]
  ↳ bin/rails:9
  [1m[35m (0.5ms)[0m  [1m[35mCOMMIT[0m
  ↳ bin/rails:9
  [1m[35m (0.3ms)[0m  [1m[34mSELECT pg_advisory_unlock(7809834472913233005)[0m
  ↳ bin/rails:9
  [1m[35m (0.7ms)[0m  [1m[34mSELECT "schema_migrations"."version" FROM "schema_migrations" ORDER BY "schema_migrations"."version" ASC[0m
  ↳ bin/rails:9
Started GET "/" for 127.0.0.1 at 2018-09-11 11:50:01 -0700
  [1m[35m (0.9ms)[0m  [1m[34mSELECT "schema_migrations"."version" FROM "schema_migrations" ORDER BY "schema_migrations"."version" ASC[0m
  ↳ /usr/local/var/rbenv/versions/2.5.0/lib/ruby/gems/2.5.0/gems/activerecord-5.2.1/lib/active_record/log_subscriber.rb:98
Processing by Rails::WelcomeController#index as HTML
  Rendering /usr/local/var/rbenv/versions/2.5.0/lib/ruby/gems/2.5.0/gems/railties-5.2.1/lib/rails/templates/rails/welcome/index.html.erb
  Rendered /usr/local/var/rbenv/versions/2.5.0/lib/ruby/gems/2.5.0/gems/railties-5.2.1/lib/rails/templates/rails/welcome/index.html.erb (4.2ms)
Completed 200 OK in 107ms (Views: 60.7ms | ActiveRecord: 0.0ms)


Started GET "/cats" for 127.0.0.1 at 2018-09-11 11:53:02 -0700
Started GET "/cat" for 127.0.0.1 at 2018-09-11 11:53:12 -0700
Processing by CatsController#index as HTML
Completed 500 Internal Server Error in 28ms (ActiveRecord: 0.0ms)



ArgumentError - You need to supply at least one validation:
  app/models/cat.rb:2:in `<class:Cat>'
  app/models/cat.rb:1:in `<main>'
  app/controllers/cats_controller.rb:4:in `index'

  
ActionController::RoutingError (No route matches [GET] "/cat"):
  
actionpack (5.2.1) lib/action_dispatch/middleware/debug_exceptions.rb:65:in `call'
web-console (3.7.0) lib/web_console/middleware.rb:135:in `call_app'
web-console (3.7.0) lib/web_console/middleware.rb:30:in `block in call'
web-console (3.7.0) lib/web_console/middleware.rb:20:in `catch'
web-console (3.7.0) lib/web_console/middleware.rb:20:in `call'
actionpack (5.2.1) lib/action_dispatch/middleware/show_exceptions.rb:33:in `call'
railties (5.2.1) lib/rails/rack/logger.rb:38:in `call_app'
railties (5.2.1) lib/rails/rack/logger.rb:26:in `block in call'
activesupport (5.2.1) lib/active_support/tagged_logging.rb:71:in `block in tagged'
activesupport (5.2.1) lib/active_support/tagged_logging.rb:28:in `tagged'
activesupport (5.2.1) lib/active_support/tagged_logging.rb:71:in `tagged'
railties (5.2.1) lib/rails/rack/logger.rb:26:in `call'
sprockets-rails (3.2.1) lib/sprockets/rails/quiet_assets.rb:13:in `call'
actionpack (5.2.1) lib/action_dispatch/middleware/remote_ip.rb:81:in `call'
actionpack (5.2.1) lib/action_dispatch/middleware/request_id.rb:27:in `call'
rack (2.0.5) lib/rack/method_override.rb:22:in `call'
rack (2.0.5) lib/rack/runtime.rb:22:in `call'
activesupport (5.2.1) lib/active_support/cache/strategy/local_cache_middleware.rb:29:in `call'
actionpack (5.2.1) lib/action_dispatch/middleware/executor.rb:14:in `call'
actionpack (5.2.1) lib/action_dispatch/middleware/static.rb:127:in `call'
rack (2.0.5) lib/rack/sendfile.rb:111:in `call'
railties (5.2.1) lib/rails/engine.rb:524:in `call'
puma (3.12.0) lib/puma/configuration.rb:225:in `call'
puma (3.12.0) lib/puma/server.rb:658:in `handle_request'
puma (3.12.0) lib/puma/server.rb:472:in `process_client'
puma (3.12.0) lib/puma/server.rb:332:in `block in run'
puma (3.12.0) lib/puma/thread_pool.rb:133:in `block in spawn_thread'
Started GET "/cats" for 127.0.0.1 at 2018-09-11 11:53:26 -0700
Processing by CatsController#index as HTML
Completed 500 Internal Server Error in 2ms (ActiveRecord: 0.0ms)



ArgumentError - You need to supply at least one validation:
  app/models/cat.rb:2:in `<class:Cat>'
  app/models/cat.rb:1:in `<main>'
  app/controllers/cats_controller.rb:4:in `index'

Started POST "/__better_errors/d32c0b0d70fd9da5/variables" for 127.0.0.1 at 2018-09-11 11:53:26 -0700
Started GET "/cats" for 127.0.0.1 at 2018-09-11 11:54:34 -0700
Processing by CatsController#index as HTML
Completed 500 Internal Server Error in 3ms (ActiveRecord: 0.0ms)



ArgumentError - You need to supply at least one validation:
  app/models/cat.rb:2:in `<class:Cat>'
  app/models/cat.rb:1:in `<main>'
  app/controllers/cats_controller.rb:4:in `index'

Started POST "/__better_errors/58a60863562a9b4f/variables" for 127.0.0.1 at 2018-09-11 11:54:34 -0700
Started GET "/cats" for 127.0.0.1 at 2018-09-11 11:56:07 -0700
Processing by CatsController#index as HTML
Completed 500 Internal Server Error in 32ms (ActiveRecord: 0.0ms)



ActionView::MissingTemplate - Missing template cats/index, application/index with {:locale=>[:en], :formats=>[:html], :variants=>[], :handlers=>[:raw, :erb, :html, :builder, :ruby, :coffee, :jbuilder]}. Searched in:
  * "/Users/appacademy/Desktop/W4D2/cats99/app/views"
:
  app/controllers/cats_controller.rb:5:in `index'

Started POST "/__better_errors/da8999741a243a60/variables" for 127.0.0.1 at 2018-09-11 11:56:07 -0700
  [1m[36mCat Load (17.0ms)[0m  [1m[34mSELECT  "cats".* FROM "cats" LIMIT $1[0m  [["LIMIT", 11]]
  ↳ /usr/local/var/rbenv/versions/2.5.0/lib/ruby/gems/2.5.0/gems/activerecord-5.2.1/lib/active_record/log_subscriber.rb:98
  [1m[36mCACHE Cat Load (0.0ms)[0m  [1m[34mSELECT  "cats".* FROM "cats" LIMIT $1[0m  [["LIMIT", 11]]
  ↳ /usr/local/var/rbenv/versions/2.5.0/lib/ruby/gems/2.5.0/gems/activerecord-5.2.1/lib/active_record/log_subscriber.rb:98
  [1m[36mCACHE Cat Load (0.0ms)[0m  [1m[34mSELECT  "cats".* FROM "cats" LIMIT $1[0m  [["LIMIT", 11]]
  ↳ /usr/local/var/rbenv/versions/2.5.0/lib/ruby/gems/2.5.0/gems/activerecord-5.2.1/lib/active_record/log_subscriber.rb:98
  [1m[35m (0.2ms)[0m  [1m[35mBEGIN[0m
  [1m[35m (0.3ms)[0m  [1m[31mROLLBACK[0m
  [1m[35m (0.2ms)[0m  [1m[35mBEGIN[0m
  [1m[35m (0.3ms)[0m  [1m[31mROLLBACK[0m
  [1m[35m (0.2ms)[0m  [1m[35mBEGIN[0m
  [1m[35m (0.3ms)[0m  [1m[31mROLLBACK[0m
Started GET "/cats" for 127.0.0.1 at 2018-09-11 12:04:04 -0700
Processing by CatsController#index as HTML
  Rendering cats/index.html.erb within layouts/application
  Rendered cats/index.html.erb within layouts/application (0.6ms)
Completed 500 Internal Server Error in 26ms (ActiveRecord: 0.0ms)



SyntaxError - syntax error, unexpected '<'
  </head>
  ^
/Users/appacademy/Desktop/W4D2/cats99/app/views/layouts/application.html.erb:14: unknown regexp options - bdy
/Users/appacademy/Desktop/W4D2/cats99/app/views/layouts/application.html.erb:15: syntax error, unexpected '<'
</html>
^
/Users/appacademy/Desktop/W4D2/cats99/app/views/layouts/application.html.erb:20: unterminated regexp meets end of file
          end
             ^
/Users/appacademy/Desktop/W4D2/cats99/app/views/layouts/application.html.erb:20: syntax error, unexpected end-of-input, expecting ')'
          end
             ^:
  app/views/layouts/application.html.erb:10:in `'
  app/controllers/cats_controller.rb:5:in `index'

Started POST "/__better_errors/03a64aebe023f403/variables" for 127.0.0.1 at 2018-09-11 12:04:05 -0700
Started GET "/cats" for 127.0.0.1 at 2018-09-11 12:04:25 -0700
Processing by CatsController#index as HTML
  Rendering cats/index.html.erb within layouts/application
  Rendered cats/index.html.erb within layouts/application (0.4ms)
Completed 200 OK in 594ms (Views: 593.2ms | ActiveRecord: 0.0ms)


Started GET "/cats" for 127.0.0.1 at 2018-09-11 12:14:57 -0700
Processing by CatsController#index as HTML
  Rendering cats/index.html.erb within layouts/application
  Rendered cats/index.html.erb within layouts/application (1.0ms)
Completed 500 Internal Server Error in 20ms (ActiveRecord: 0.0ms)



SyntaxError - syntax error, unexpected end-of-input, expecting keyword_end
          end
             ^:
  app/views/cats/index.html.erb:9:in `'
  app/controllers/cats_controller.rb:5:in `index'

Started POST "/__better_errors/5b1e2e38f15977be/variables" for 127.0.0.1 at 2018-09-11 12:14:57 -0700
  [1m[36mCat Load (1.0ms)[0m  [1m[34mSELECT  "cats".* FROM "cats" LIMIT $1[0m  [["LIMIT", 11]]
  ↳ /usr/local/var/rbenv/versions/2.5.0/lib/ruby/gems/2.5.0/gems/activerecord-5.2.1/lib/active_record/log_subscriber.rb:98
Started GET "/cats" for 127.0.0.1 at 2018-09-11 12:15:04 -0700
Processing by CatsController#index as HTML
  Rendering cats/index.html.erb within layouts/application
  [1m[36mCat Load (0.5ms)[0m  [1m[34mSELECT "cats".* FROM "cats"[0m
  ↳ app/views/cats/index.html.erb:3
  Rendered cats/index.html.erb within layouts/application (1.9ms)
Completed 200 OK in 29ms (Views: 27.7ms | ActiveRecord: 0.5ms)


Started GET "/cats" for 127.0.0.1 at 2018-09-11 13:36:01 -0700
Processing by CatsController#index as HTML
  Rendering cats/index.html.erb within layouts/application
  [1m[36mCat Load (0.9ms)[0m  [1m[34mSELECT "cats".* FROM "cats"[0m
  ↳ app/views/cats/index.html.erb:3
  Rendered cats/index.html.erb within layouts/application (2.1ms)
Completed 200 OK in 13ms (Views: 10.7ms | ActiveRecord: 0.9ms)


Started GET "/cats" for 127.0.0.1 at 2018-09-11 13:38:17 -0700
Processing by CatsController#index as HTML
  Rendering cats/index.html.erb within layouts/application
  [1m[36mCat Load (0.4ms)[0m  [1m[34mSELECT "cats".* FROM "cats"[0m
  ↳ app/views/cats/index.html.erb:4
  Rendered cats/index.html.erb within layouts/application (1.5ms)
Completed 200 OK in 11ms (Views: 9.3ms | ActiveRecord: 0.4ms)


  [1m[36mCat Load (0.8ms)[0m  [1m[34mSELECT "cats".* FROM "cats"[0m
  [1m[36mCat Load (0.8ms)[0m  [1m[34mSELECT "cats".* FROM "cats"[0m
  [1m[35m (0.2ms)[0m  [1m[35mBEGIN[0m
  [1m[36mCat Create (28.7ms)[0m  [1m[32mINSERT INTO "cats" ("birth_date", "color", "name", "sex", "description", "created_at", "updated_at") VALUES ($1, $2, $3, $4, $5, $6, $7) RETURNING "id"[0m  [["birth_date", "2015-01-20"], ["color", "orange"], ["name", "Garfield"], ["sex", "M"], ["description", "cat"], ["created_at", "2018-09-11 20:43:25.101797"], ["updated_at", "2018-09-11 20:43:25.101797"]]
  [1m[35m (18.2ms)[0m  [1m[35mCOMMIT[0m
  [1m[36mCat Load (37.4ms)[0m  [1m[34mSELECT "cats".* FROM "cats"[0m
  [1m[36mCat Load (0.6ms)[0m  [1m[34mSELECT  "cats".* FROM "cats" ORDER BY "cats"."id" DESC LIMIT $1[0m  [["LIMIT", 1]]
  [1m[36mCat Destroy (18.9ms)[0m  [1m[31mDELETE FROM "cats" WHERE "cats"."id" = $1[0m  [["id", 1]]
  [1m[36mCat Load (0.5ms)[0m  [1m[34mSELECT "cats".* FROM "cats"[0m
  [1m[36mCat Load (0.8ms)[0m  [1m[34mSELECT "cats".* FROM "cats"[0m
  [1m[36mCat Load (0.4ms)[0m  [1m[34mSELECT "cats".* FROM "cats"[0m
  [1m[35m (14.1ms)[0m  [1m[34mSELECT "schema_migrations"."version" FROM "schema_migrations" ORDER BY "schema_migrations"."version" ASC[0m
  ↳ bin/rails:9
  [1m[35m (0.2ms)[0m  [1m[35mBEGIN[0m
  ↳ db/seeds.rb:11
  [1m[36mCat Create (0.9ms)[0m  [1m[32mINSERT INTO "cats" ("birth_date", "color", "name", "sex", "description", "created_at", "updated_at") VALUES ($1, $2, $3, $4, $5, $6, $7) RETURNING "id"[0m  [["birth_date", "2015-01-20"], ["color", "orange"], ["name", "Garfield"], ["sex", "M"], ["description", "cat"], ["created_at", "2018-09-11 20:52:54.450983"], ["updated_at", "2018-09-11 20:52:54.450983"]]
  ↳ db/seeds.rb:11
  [1m[35m (13.9ms)[0m  [1m[35mCOMMIT[0m
  ↳ db/seeds.rb:11
  [1m[35m (0.2ms)[0m  [1m[35mBEGIN[0m
  ↳ db/seeds.rb:19
  [1m[36mCat Create (0.5ms)[0m  [1m[32mINSERT INTO "cats" ("birth_date", "color", "name", "sex", "description", "created_at", "updated_at") VALUES ($1, $2, $3, $4, $5, $6, $7) RETURNING "id"[0m  [["birth_date", "2018-01-10"], ["color", "gold"], ["name", "mason"], ["sex", "M"], ["description", "cat"], ["created_at", "2018-09-11 20:52:54.468461"], ["updated_at", "2018-09-11 20:52:54.468461"]]
  ↳ db/seeds.rb:19
  [1m[35m (0.5ms)[0m  [1m[35mCOMMIT[0m
  ↳ db/seeds.rb:19
  [1m[35m (0.2ms)[0m  [1m[35mBEGIN[0m
  ↳ db/seeds.rb:27
  [1m[35m (0.2ms)[0m  [1m[31mROLLBACK[0m
  ↳ db/seeds.rb:27
  [1m[36mCat Load (0.8ms)[0m  [1m[34mSELECT "cats".* FROM "cats"[0m
  [1m[36mCat Load (0.6ms)[0m  [1m[34mSELECT "cats".* FROM "cats"[0m
  [1m[35m (1.0ms)[0m  [1m[34mSELECT "schema_migrations"."version" FROM "schema_migrations" ORDER BY "schema_migrations"."version" ASC[0m
  ↳ bin/rails:9
  [1m[35m (0.3ms)[0m  [1m[35mBEGIN[0m
  ↳ db/seeds.rb:11
  [1m[36mCat Create (0.8ms)[0m  [1m[32mINSERT INTO "cats" ("birth_date", "color", "name", "sex", "description", "created_at", "updated_at") VALUES ($1, $2, $3, $4, $5, $6, $7) RETURNING "id"[0m  [["birth_date", "2015-01-20"], ["color", "orange"], ["name", "Garfield"], ["sex", "M"], ["description", "cat"], ["created_at", "2018-09-11 20:55:02.820511"], ["updated_at", "2018-09-11 20:55:02.820511"]]
  ↳ db/seeds.rb:11
  [1m[35m (0.6ms)[0m  [1m[35mCOMMIT[0m
  ↳ db/seeds.rb:11
  [1m[35m (0.2ms)[0m  [1m[35mBEGIN[0m
  ↳ db/seeds.rb:19
  [1m[36mCat Create (0.4ms)[0m  [1m[32mINSERT INTO "cats" ("birth_date", "color", "name", "sex", "description", "created_at", "updated_at") VALUES ($1, $2, $3, $4, $5, $6, $7) RETURNING "id"[0m  [["birth_date", "2018-01-10"], ["color", "gold"], ["name", "mason"], ["sex", "M"], ["description", "cat"], ["created_at", "2018-09-11 20:55:02.824356"], ["updated_at", "2018-09-11 20:55:02.824356"]]
  ↳ db/seeds.rb:19
  [1m[35m (0.5ms)[0m  [1m[35mCOMMIT[0m
  ↳ db/seeds.rb:19
  [1m[35m (0.2ms)[0m  [1m[35mBEGIN[0m
  ↳ db/seeds.rb:27
  [1m[35m (0.3ms)[0m  [1m[31mROLLBACK[0m
  ↳ db/seeds.rb:27
  [1m[36mCat Load (0.8ms)[0m  [1m[34mSELECT "cats".* FROM "cats"[0m
  [1m[36mCat Destroy (45.5ms)[0m  [1m[31mDELETE FROM "cats" WHERE "cats"."id" IS NULL[0m
  [1m[36mCat Destroy (0.5ms)[0m  [1m[31mDELETE FROM "cats" WHERE "cats"."id" IS NULL[0m
  [1m[36mCat Load (0.6ms)[0m  [1m[34mSELECT "cats".* FROM "cats"[0m
  [1m[36mCat Load (0.8ms)[0m  [1m[34mSELECT "cats".* FROM "cats"[0m
Started GET "/cats" for 127.0.0.1 at 2018-09-11 13:56:35 -0700
Processing by CatsController#index as HTML
  Rendering cats/index.html.erb within layouts/application
  [1m[36mCat Load (1.3ms)[0m  [1m[34mSELECT "cats".* FROM "cats"[0m
  ↳ app/views/cats/index.html.erb:4
  Rendered cats/index.html.erb within layouts/application (22.6ms)
Completed 200 OK in 46ms (Views: 38.5ms | ActiveRecord: 6.7ms)


Started GET "/cats" for 127.0.0.1 at 2018-09-11 13:58:00 -0700
Processing by CatsController#index as HTML
  Rendering cats/index.html.erb within layouts/application
  [1m[36mCat Load (0.5ms)[0m  [1m[34mSELECT "cats".* FROM "cats"[0m
  ↳ app/views/cats/index.html.erb:4
  Rendered cats/index.html.erb within layouts/application (17.3ms)
Completed 200 OK in 39ms (Views: 37.8ms | ActiveRecord: 0.5ms)


Started GET "/cats" for 127.0.0.1 at 2018-09-11 13:58:22 -0700
Processing by CatsController#index as HTML
  Rendering cats/index.html.erb within layouts/application
  [1m[36mCat Load (0.4ms)[0m  [1m[34mSELECT "cats".* FROM "cats"[0m
  ↳ app/views/cats/index.html.erb:4
  Rendered cats/index.html.erb within layouts/application (1.9ms)
Completed 200 OK in 13ms (Views: 11.1ms | ActiveRecord: 0.4ms)


  [1m[35m (0.9ms)[0m  [1m[34mSELECT "schema_migrations"."version" FROM "schema_migrations" ORDER BY "schema_migrations"."version" ASC[0m
  ↳ bin/rails:9
  [1m[36mCat Load (0.8ms)[0m  [1m[34mSELECT "cats".* FROM "cats"[0m
  ↳ db/seeds.rb:10
  [1m[35m (0.3ms)[0m  [1m[35mBEGIN[0m
  ↳ db/seeds.rb:10
  [1m[36mCat Destroy (0.6ms)[0m  [1m[31mDELETE FROM "cats" WHERE "cats"."id" = $1[0m  [["id", 2]]
  ↳ db/seeds.rb:10
  [1m[35m (16.5ms)[0m  [1m[35mCOMMIT[0m
  ↳ db/seeds.rb:10
  [1m[35m (0.1ms)[0m  [1m[35mBEGIN[0m
  ↳ db/seeds.rb:10
  [1m[36mCat Destroy (0.5ms)[0m  [1m[31mDELETE FROM "cats" WHERE "cats"."id" = $1[0m  [["id", 3]]
  ↳ db/seeds.rb:10
  [1m[35m (0.5ms)[0m  [1m[35mCOMMIT[0m
  ↳ db/seeds.rb:10
  [1m[35m (0.3ms)[0m  [1m[35mBEGIN[0m
  ↳ db/seeds.rb:10
  [1m[36mCat Destroy (0.5ms)[0m  [1m[31mDELETE FROM "cats" WHERE "cats"."id" = $1[0m  [["id", 4]]
  ↳ db/seeds.rb:10
  [1m[35m (0.4ms)[0m  [1m[35mCOMMIT[0m
  ↳ db/seeds.rb:10
  [1m[35m (0.2ms)[0m  [1m[35mBEGIN[0m
  ↳ db/seeds.rb:10
  [1m[36mCat Destroy (0.4ms)[0m  [1m[31mDELETE FROM "cats" WHERE "cats"."id" = $1[0m  [["id", 5]]
  ↳ db/seeds.rb:10
  [1m[35m (0.6ms)[0m  [1m[35mCOMMIT[0m
  ↳ db/seeds.rb:10
  [1m[35m (0.2ms)[0m  [1m[35mBEGIN[0m
  ↳ db/seeds.rb:12
  [1m[36mCat Create (0.7ms)[0m  [1m[32mINSERT INTO "cats" ("birth_date", "color", "name", "sex", "description", "created_at", "updated_at") VALUES ($1, $2, $3, $4, $5, $6, $7) RETURNING "id"[0m  [["birth_date", "2015-01-20"], ["color", "orange"], ["name", "Garfield"], ["sex", "M"], ["description", "cat"], ["created_at", "2018-09-11 21:04:15.300551"], ["updated_at", "2018-09-11 21:04:15.300551"]]
  ↳ db/seeds.rb:12
  [1m[35m (0.5ms)[0m  [1m[35mCOMMIT[0m
  ↳ db/seeds.rb:12
  [1m[35m (0.2ms)[0m  [1m[35mBEGIN[0m
  ↳ db/seeds.rb:20
  [1m[36mCat Create (0.4ms)[0m  [1m[32mINSERT INTO "cats" ("birth_date", "color", "name", "sex", "description", "created_at", "updated_at") VALUES ($1, $2, $3, $4, $5, $6, $7) RETURNING "id"[0m  [["birth_date", "2018-01-10"], ["color", "gold"], ["name", "mason"], ["sex", "M"], ["description", "cat"], ["created_at", "2018-09-11 21:04:15.304062"], ["updated_at", "2018-09-11 21:04:15.304062"]]
  ↳ db/seeds.rb:20
  [1m[35m (0.5ms)[0m  [1m[35mCOMMIT[0m
  ↳ db/seeds.rb:20
  [1m[35m (0.2ms)[0m  [1m[35mBEGIN[0m
  ↳ db/seeds.rb:28
  [1m[36mCat Create (0.4ms)[0m  [1m[32mINSERT INTO "cats" ("birth_date", "color", "name", "sex", "description", "created_at", "updated_at") VALUES ($1, $2, $3, $4, $5, $6, $7) RETURNING "id"[0m  [["birth_date", "2012-12-06"], ["color", "black"], ["name", "tubby"], ["sex", "F"], ["description", "cat"], ["created_at", "2018-09-11 21:04:15.306700"], ["updated_at", "2018-09-11 21:04:15.306700"]]
  ↳ db/seeds.rb:28
  [1m[35m (0.5ms)[0m  [1m[35mCOMMIT[0m
  ↳ db/seeds.rb:28
  [1m[36mCat Load (0.8ms)[0m  [1m[34mSELECT "cats".* FROM "cats"[0m
Started GET "/cats" for 127.0.0.1 at 2018-09-11 14:05:38 -0700
Processing by CatsController#index as HTML
  Rendering cats/index.html.erb within layouts/application
  [1m[36mCat Load (1.1ms)[0m  [1m[34mSELECT "cats".* FROM "cats"[0m
  ↳ app/views/cats/index.html.erb:4
  Rendered cats/index.html.erb within layouts/application (3.4ms)
Completed 200 OK in 62ms (Views: 60.1ms | ActiveRecord: 1.1ms)


Started GET "/cats" for 127.0.0.1 at 2018-09-11 14:06:29 -0700
Processing by CatsController#index as HTML
  Rendering cats/index.html.erb within layouts/application
  [1m[36mCat Load (0.5ms)[0m  [1m[34mSELECT "cats".* FROM "cats"[0m
  ↳ app/views/cats/index.html.erb:4
  Rendered cats/index.html.erb within layouts/application (1.8ms)
Completed 200 OK in 12ms (Views: 10.2ms | ActiveRecord: 0.5ms)


Started GET "/cats" for 127.0.0.1 at 2018-09-11 14:07:17 -0700
Processing by CatsController#index as HTML
  Rendering cats/index.html.erb within layouts/application
  [1m[36mCat Load (0.5ms)[0m  [1m[34mSELECT "cats".* FROM "cats"[0m
  ↳ app/views/cats/index.html.erb:4
  Rendered cats/index.html.erb within layouts/application (2.0ms)
Completed 200 OK in 15ms (Views: 14.2ms | ActiveRecord: 0.4ms)


  [1m[36mCat Load (0.5ms)[0m  [1m[34mSELECT  "cats".* FROM "cats" ORDER BY "cats"."id" ASC LIMIT $1[0m  [["LIMIT", 1]]
  [1m[36mCat Load (0.8ms)[0m  [1m[34mSELECT "cats".* FROM "cats"[0m
  [1m[36mCat Load (0.9ms)[0m  [1m[34mSELECT "cats".* FROM "cats"[0m
Started GET "/cats" for 127.0.0.1 at 2018-09-11 14:43:36 -0700
Processing by CatsController#index as HTML
  Rendering cats/index.html.erb within layouts/application
  [1m[36mCat Load (1.4ms)[0m  [1m[34mSELECT "cats".* FROM "cats"[0m
  ↳ app/views/cats/index.html.erb:4
  Rendered cats/index.html.erb within layouts/application (31.8ms)
Completed 200 OK in 88ms (Views: 50.7ms | ActiveRecord: 14.4ms)


Started GET "/cats/new" for 127.0.0.1 at 2018-09-11 14:43:43 -0700

AbstractController::ActionNotFound - The action 'new' could not be found for CatsController:

Started POST "/__better_errors/60bc8163a234bce0/variables" for 127.0.0.1 at 2018-09-11 14:43:43 -0700
Started GET "/cats/new" for 127.0.0.1 at 2018-09-11 14:44:08 -0700

AbstractController::ActionNotFound - The action 'new' could not be found for CatsController:

Started POST "/__better_errors/23f08e4c033e3b64/variables" for 127.0.0.1 at 2018-09-11 14:44:08 -0700
Started GET "/cats/new" for 127.0.0.1 at 2018-09-11 14:45:09 -0700

AbstractController::ActionNotFound - The action 'new' could not be found for CatsController:

Started POST "/__better_errors/9f97bd8e0f75bc5a/variables" for 127.0.0.1 at 2018-09-11 14:45:09 -0700
Started GET "/cats/new" for 127.0.0.1 at 2018-09-11 14:50:53 -0700
Processing by CatsController#new as HTML
Completed 500 Internal Server Error in 5ms (ActiveRecord: 0.0ms)



ActionView::MissingTemplate - Missing template cats/new, application/new with {:locale=>[:en], :formats=>[:html], :variants=>[], :handlers=>[:raw, :erb, :html, :builder, :ruby, :coffee, :jbuilder]}. Searched in:
  * "/Users/appacademy/Desktop/W4D2/cats99/app/views"
:
  app/controllers/cats_controller.rb:15:in `new'

Started POST "/__better_errors/79712c65bf6db46a/variables" for 127.0.0.1 at 2018-09-11 14:50:53 -0700
Started GET "/cats/new" for 127.0.0.1 at 2018-09-11 14:50:55 -0700
Processing by CatsController#new as HTML
Completed 500 Internal Server Error in 4ms (ActiveRecord: 0.0ms)



ActionView::MissingTemplate - Missing template cats/new, application/new with {:locale=>[:en], :formats=>[:html], :variants=>[], :handlers=>[:raw, :erb, :html, :builder, :ruby, :coffee, :jbuilder]}. Searched in:
  * "/Users/appacademy/Desktop/W4D2/cats99/app/views"
:
  app/controllers/cats_controller.rb:15:in `new'

Started POST "/__better_errors/690c64eaad525bac/variables" for 127.0.0.1 at 2018-09-11 14:50:55 -0700
Started GET "/cats/new" for 127.0.0.1 at 2018-09-11 14:51:46 -0700
Processing by CatsController#new as HTML
  Rendering cats/new.html.erb within layouts/application
  Rendered cats/new.html.erb within layouts/application (0.4ms)
Completed 200 OK in 47ms (Views: 46.5ms | ActiveRecord: 0.0ms)


Started GET "/cats/new" for 127.0.0.1 at 2018-09-11 15:14:25 -0700
Processing by CatsController#new as HTML
  Rendering cats/new.html.erb within layouts/application
  Rendered cats/new.html.erb within layouts/application (0.3ms)
Completed 200 OK in 22ms (Views: 21.2ms | ActiveRecord: 0.0ms)


Started GET "/cats/6" for 127.0.0.1 at 2018-09-11 15:14:29 -0700
Processing by CatsController#show as HTML
  Parameters: {"id"=>"6"}
  [1m[36mCat Load (0.7ms)[0m  [1m[34mSELECT  "cats".* FROM "cats" WHERE "cats"."id" = $1 LIMIT $2[0m  [["id", 6], ["LIMIT", 1]]
  ↳ app/controllers/cats_controller.rb:9
  Rendering cats/show.html.erb within layouts/application
  Rendered cats/show.html.erb within layouts/application (0.6ms)
Completed 200 OK in 72ms (Views: 8.1ms | ActiveRecord: 10.4ms)


Started GET "/cats/6" for 127.0.0.1 at 2018-09-11 15:15:00 -0700
Processing by CatsController#show as HTML
  Parameters: {"id"=>"6"}
  [1m[36mCat Load (0.5ms)[0m  [1m[34mSELECT  "cats".* FROM "cats" WHERE "cats"."id" = $1 LIMIT $2[0m  [["id", 6], ["LIMIT", 1]]
  ↳ app/controllers/cats_controller.rb:9
  Rendering cats/show.html.erb within layouts/application
  Rendered cats/show.html.erb within layouts/application (0.5ms)
Completed 200 OK in 9ms (Views: 7.5ms | ActiveRecord: 0.5ms)


Started GET "/cats/" for 127.0.0.1 at 2018-09-11 15:15:03 -0700
Processing by CatsController#index as HTML
  Rendering cats/index.html.erb within layouts/application
  [1m[36mCat Load (0.5ms)[0m  [1m[34mSELECT "cats".* FROM "cats"[0m
  ↳ app/views/cats/index.html.erb:4
  Rendered cats/index.html.erb within layouts/application (1.8ms)
Completed 200 OK in 33ms (Views: 32.3ms | ActiveRecord: 0.5ms)


Started GET "/cats" for 127.0.0.1 at 2018-09-11 15:15:06 -0700
Processing by CatsController#index as HTML
  Rendering cats/index.html.erb within layouts/application
  [1m[36mCat Load (0.6ms)[0m  [1m[34mSELECT "cats".* FROM "cats"[0m
  ↳ app/views/cats/index.html.erb:4
  Rendered cats/index.html.erb within layouts/application (2.4ms)
Completed 200 OK in 10ms (Views: 9.4ms | ActiveRecord: 0.6ms)


Started GET "/cats/new" for 127.0.0.1 at 2018-09-11 15:24:28 -0700
Processing by CatsController#new as HTML
  Rendering cats/new.html.erb within layouts/application
  Rendered cats/new.html.erb within layouts/application (6.7ms)
Completed 500 Internal Server Error in 15ms (ActiveRecord: 0.0ms)



NoMethodError - undefined method `namne' for nil:NilClass:
  app/views/cats/new.html.erb:5:in `_app_views_cats_new_html_erb__863101089199439346_70222809708060'
  app/controllers/cats_controller.rb:15:in `new'

Started POST "/__better_errors/6994bcef6dcb0af9/variables" for 127.0.0.1 at 2018-09-11 15:24:29 -0700
Started GET "/cats/new" for 127.0.0.1 at 2018-09-11 15:24:34 -0700
Processing by CatsController#new as HTML
  Rendering cats/new.html.erb within layouts/application
  Rendered cats/new.html.erb within layouts/application (3.3ms)
Completed 500 Internal Server Error in 9ms (ActiveRecord: 0.0ms)



NoMethodError - undefined method `name' for nil:NilClass:
  app/views/cats/new.html.erb:5:in `_app_views_cats_new_html_erb__863101089199439346_70222826721400'
  app/controllers/cats_controller.rb:15:in `new'

Started POST "/__better_errors/3477c21904ce8196/variables" for 127.0.0.1 at 2018-09-11 15:24:34 -0700
Started GET "/cats/new" for 127.0.0.1 at 2018-09-11 15:24:51 -0700
Processing by CatsController#new as HTML
  Rendering cats/new.html.erb within layouts/application
  Rendered cats/new.html.erb within layouts/application (496.3ms)
Completed 500 Internal Server Error in 501ms (ActiveRecord: 0.0ms)



NameError - undefined local variable or method `cat' for #<#<Class:0x00007fbc0d3ae708>:0x00007fbc0d10da08>
Did you mean?  catch:
  app/views/cats/new.html.erb:5:in `_app_views_cats_new_html_erb__863101089199439346_70222824879440'
  app/controllers/cats_controller.rb:15:in `new'

Started POST "/__better_errors/19055093eac8e7dd/variables" for 127.0.0.1 at 2018-09-11 15:24:52 -0700
Started GET "/cats/new" for 127.0.0.1 at 2018-09-11 15:25:13 -0700
Processing by CatsController#new as HTML
  Rendering cats/new.html.erb within layouts/application
  Rendered cats/new.html.erb within layouts/application (0.4ms)
Completed 200 OK in 18ms (Views: 17.8ms | ActiveRecord: 0.0ms)


Started GET "/cats/new" for 127.0.0.1 at 2018-09-11 15:25:22 -0700
Processing by CatsController#new as HTML
  Rendering cats/new.html.erb within layouts/application
  Rendered cats/new.html.erb within layouts/application (0.4ms)
Completed 200 OK in 9ms (Views: 8.5ms | ActiveRecord: 0.0ms)


Started GET "/cats/new" for 127.0.0.1 at 2018-09-11 15:27:46 -0700
Processing by CatsController#new as HTML
  Rendering cats/new.html.erb within layouts/application
  Rendered cats/new.html.erb within layouts/application (0.5ms)
Completed 200 OK in 17ms (Views: 16.2ms | ActiveRecord: 0.0ms)


Started GET "/cats/new" for 127.0.0.1 at 2018-09-11 15:27:55 -0700
Processing by CatsController#new as HTML
  Rendering cats/new.html.erb within layouts/application
  Rendered cats/new.html.erb within layouts/application (0.4ms)
Completed 200 OK in 9ms (Views: 8.1ms | ActiveRecord: 0.0ms)


Started GET "/cats/new" for 127.0.0.1 at 2018-09-11 15:28:03 -0700
Processing by CatsController#new as HTML
  Rendering cats/new.html.erb within layouts/application
  Rendered cats/new.html.erb within layouts/application (0.3ms)
Completed 200 OK in 9ms (Views: 8.3ms | ActiveRecord: 0.0ms)


Started GET "/cats/new" for 127.0.0.1 at 2018-09-11 15:28:19 -0700
Processing by CatsController#new as HTML
  Rendering cats/new.html.erb within layouts/application
  Rendered cats/new.html.erb within layouts/application (0.7ms)
Completed 200 OK in 10ms (Views: 9.4ms | ActiveRecord: 0.0ms)


Started GET "/cats/new" for 127.0.0.1 at 2018-09-11 15:28:28 -0700
Processing by CatsController#new as HTML
  Rendering cats/new.html.erb within layouts/application
  Rendered cats/new.html.erb within layouts/application (0.4ms)
Completed 200 OK in 8ms (Views: 7.3ms | ActiveRecord: 0.0ms)


Started GET "/cats/new" for 127.0.0.1 at 2018-09-11 15:28:44 -0700
Processing by CatsController#new as HTML
  Rendering cats/new.html.erb within layouts/application
  Rendered cats/new.html.erb within layouts/application (0.3ms)
Completed 200 OK in 8ms (Views: 7.3ms | ActiveRecord: 0.0ms)


Started GET "/cats/new" for 127.0.0.1 at 2018-09-11 15:29:27 -0700
Processing by CatsController#new as HTML
  Rendering cats/new.html.erb within layouts/application
  Rendered cats/new.html.erb within layouts/application (0.4ms)
Completed 200 OK in 8ms (Views: 7.4ms | ActiveRecord: 0.0ms)


Started GET "/cats/new" for 127.0.0.1 at 2018-09-11 15:31:32 -0700
Processing by CatsController#new as HTML
  Rendering cats/new.html.erb within layouts/application
  Rendered cats/new.html.erb within layouts/application (0.4ms)
Completed 200 OK in 8ms (Views: 7.4ms | ActiveRecord: 0.0ms)


Started GET "/cats/new" for 127.0.0.1 at 2018-09-11 15:37:32 -0700
Processing by CatsController#new as HTML
  Rendering cats/new.html.erb within layouts/application
  Rendered cats/new.html.erb within layouts/application (0.7ms)
Completed 200 OK in 31ms (Views: 30.5ms | ActiveRecord: 0.0ms)


Started GET "/cats/new" for 127.0.0.1 at 2018-09-11 15:39:41 -0700
Processing by CatsController#new as HTML
  Rendering cats/new.html.erb within layouts/application
  Rendered cats/new.html.erb within layouts/application (0.4ms)
Completed 200 OK in 16ms (Views: 15.7ms | ActiveRecord: 0.0ms)


Started GET "/cats/new" for 127.0.0.1 at 2018-09-11 15:40:02 -0700
Processing by CatsController#new as HTML
  Rendering cats/new.html.erb within layouts/application
  Rendered cats/new.html.erb within layouts/application (0.6ms)
Completed 200 OK in 14ms (Views: 12.6ms | ActiveRecord: 0.0ms)


Started GET "/cats/new" for 127.0.0.1 at 2018-09-11 15:40:13 -0700
Processing by CatsController#new as HTML
  Rendering cats/new.html.erb within layouts/application
  Rendered cats/new.html.erb within layouts/application (0.5ms)
Completed 200 OK in 11ms (Views: 11.0ms | ActiveRecord: 0.0ms)


Started GET "/cats/new" for 127.0.0.1 at 2018-09-11 15:41:22 -0700
Processing by CatsController#new as HTML
  Rendering cats/new.html.erb within layouts/application
  Rendered cats/new.html.erb within layouts/application (0.4ms)
Completed 200 OK in 12ms (Views: 10.9ms | ActiveRecord: 0.0ms)


Started GET "/cats/new" for 127.0.0.1 at 2018-09-11 15:41:58 -0700
Processing by CatsController#new as HTML
  Rendering cats/new.html.erb within layouts/application
  Rendered cats/new.html.erb within layouts/application (8.8ms)
Completed 200 OK in 19ms (Views: 18.5ms | ActiveRecord: 0.0ms)


Started GET "/cats/new" for 127.0.0.1 at 2018-09-11 15:42:45 -0700
Processing by CatsController#new as HTML
  Rendering cats/new.html.erb within layouts/application
  Rendered cats/new.html.erb within layouts/application (0.4ms)
Completed 200 OK in 26ms (Views: 25.4ms | ActiveRecord: 0.0ms)


Started GET "/cats/new" for 127.0.0.1 at 2018-09-11 15:43:27 -0700
Processing by CatsController#new as HTML
  Rendering cats/new.html.erb within layouts/application
  Rendered cats/new.html.erb within layouts/application (0.7ms)
Completed 200 OK in 26ms (Views: 25.8ms | ActiveRecord: 0.0ms)


Started GET "/cats/new" for 127.0.0.1 at 2018-09-11 15:44:37 -0700
Processing by CatsController#new as HTML
  Rendering cats/new.html.erb within layouts/application
  Rendered cats/new.html.erb within layouts/application (0.4ms)
Completed 200 OK in 11ms (Views: 10.1ms | ActiveRecord: 0.0ms)


Started GET "/cats/new" for 127.0.0.1 at 2018-09-11 15:44:47 -0700
Processing by CatsController#new as HTML
  Rendering cats/new.html.erb within layouts/application
  Rendered cats/new.html.erb within layouts/application (0.4ms)
Completed 200 OK in 9ms (Views: 8.4ms | ActiveRecord: 0.0ms)


Started GET "/cats/" for 127.0.0.1 at 2018-09-11 15:58:29 -0700
Processing by CatsController#index as HTML
  Rendering cats/index.html.erb within layouts/application
  [1m[36mCat Load (1.0ms)[0m  [1m[34mSELECT "cats".* FROM "cats"[0m
  ↳ app/views/cats/index.html.erb:4
  Rendered cats/index.html.erb within layouts/application (3.0ms)
Completed 200 OK in 12ms (Views: 10.3ms | ActiveRecord: 1.0ms)


Started GET "/cats/new" for 127.0.0.1 at 2018-09-11 15:58:40 -0700
Processing by CatsController#new as HTML
  Rendering cats/new.html.erb within layouts/application
  Rendered cats/new.html.erb within layouts/application (0.4ms)
Completed 200 OK in 9ms (Views: 8.2ms | ActiveRecord: 0.0ms)


Started GET "/cats/new" for 127.0.0.1 at 2018-09-11 16:08:34 -0700
Processing by CatsController#new as HTML
  Rendering cats/new.html.erb within layouts/application
  Rendered cats/new.html.erb within layouts/application (0.4ms)
Completed 200 OK in 10ms (Views: 9.0ms | ActiveRecord: 0.0ms)


Started GET "/cats/new" for 127.0.0.1 at 2018-09-11 16:08:36 -0700
Processing by CatsController#new as HTML
  Rendering cats/new.html.erb within layouts/application
  Rendered cats/new.html.erb within layouts/application (0.7ms)
Completed 200 OK in 10ms (Views: 9.6ms | ActiveRecord: 0.0ms)


Started GET "/cats/new" for 127.0.0.1 at 2018-09-11 16:12:04 -0700
Processing by CatsController#new as HTML
  Rendering cats/new.html.erb within layouts/application
  Rendered cats/new.html.erb within layouts/application (0.4ms)
Completed 200 OK in 10ms (Views: 9.1ms | ActiveRecord: 0.0ms)


Started GET "/cats/new" for 127.0.0.1 at 2018-09-11 16:12:16 -0700
Processing by CatsController#new as HTML
  Rendering cats/new.html.erb within layouts/application
  Rendered cats/new.html.erb within layouts/application (0.4ms)
Completed 200 OK in 13ms (Views: 10.9ms | ActiveRecord: 0.0ms)


Started GET "/cats/new" for 127.0.0.1 at 2018-09-11 16:13:10 -0700
Processing by CatsController#new as HTML
  Rendering cats/new.html.erb within layouts/application
  Rendered cats/new.html.erb within layouts/application (0.7ms)
Completed 200 OK in 12ms (Views: 11.8ms | ActiveRecord: 0.0ms)


Started GET "/cats/new" for 127.0.0.1 at 2018-09-11 16:13:21 -0700
Processing by CatsController#new as HTML
  Rendering cats/new.html.erb within layouts/application
  Rendered cats/new.html.erb within layouts/application (0.4ms)
Completed 200 OK in 12ms (Views: 11.1ms | ActiveRecord: 0.0ms)


Started GET "/cats/new" for 127.0.0.1 at 2018-09-11 16:13:35 -0700
Processing by CatsController#new as HTML
  Rendering cats/new.html.erb within layouts/application
  Rendered cats/new.html.erb within layouts/application (0.4ms)
Completed 200 OK in 13ms (Views: 11.6ms | ActiveRecord: 0.0ms)


Started GET "/cats/new" for 127.0.0.1 at 2018-09-11 16:13:44 -0700
Processing by CatsController#new as HTML
  Rendering cats/new.html.erb within layouts/application
  Rendered cats/new.html.erb within layouts/application (0.4ms)
Completed 200 OK in 13ms (Views: 10.8ms | ActiveRecord: 0.0ms)


Started GET "/cats/new" for 127.0.0.1 at 2018-09-11 16:14:00 -0700
Processing by CatsController#new as HTML
  Rendering cats/new.html.erb within layouts/application
  Rendered cats/new.html.erb within layouts/application (0.5ms)
Completed 200 OK in 13ms (Views: 12.7ms | ActiveRecord: 0.0ms)


Started GET "/cats/new" for 127.0.0.1 at 2018-09-11 16:14:09 -0700
Processing by CatsController#new as HTML
  Rendering cats/new.html.erb within layouts/application
  Rendered cats/new.html.erb within layouts/application (0.6ms)
Completed 200 OK in 11ms (Views: 10.6ms | ActiveRecord: 0.0ms)


Started GET "/cats/new" for 127.0.0.1 at 2018-09-11 16:15:28 -0700
Processing by CatsController#new as HTML
  Rendering cats/new.html.erb within layouts/application
  Rendered cats/new.html.erb within layouts/application (0.5ms)
Completed 200 OK in 9ms (Views: 8.8ms | ActiveRecord: 0.0ms)


Started GET "/cats/new" for 127.0.0.1 at 2018-09-11 16:15:30 -0700
Processing by CatsController#new as HTML
  Rendering cats/new.html.erb within layouts/application
  Rendered cats/new.html.erb within layouts/application (0.4ms)
Completed 200 OK in 12ms (Views: 11.2ms | ActiveRecord: 0.0ms)


Started GET "/cats/edit" for 127.0.0.1 at 2018-09-11 16:29:19 -0700
Processing by CatsController#show as HTML
  Parameters: {"id"=>"edit"}
  [1m[36mCat Load (0.7ms)[0m  [1m[34mSELECT  "cats".* FROM "cats" WHERE "cats"."id" = $1 LIMIT $2[0m  [["id", 0], ["LIMIT", 1]]
  ↳ app/controllers/cats_controller.rb:9
Completed 404 Not Found in 32ms (ActiveRecord: 13.6ms)



ActiveRecord::RecordNotFound - Couldn't find Cat with 'id'=edit:
  app/controllers/cats_controller.rb:9:in `show'

Started POST "/__better_errors/f2518535cb730d77/variables" for 127.0.0.1 at 2018-09-11 16:29:19 -0700
Started GET "/cats/5/edit" for 127.0.0.1 at 2018-09-11 16:29:26 -0700
Processing by CatsController#edit as HTML
  Parameters: {"id"=>"5"}
  Rendering cats/edit.html.erb within layouts/application
  Rendered cats/edit.html.erb within layouts/application (1.1ms)
Completed 200 OK in 17ms (Views: 16.0ms | ActiveRecord: 0.0ms)


Started GET "/cats/5" for 127.0.0.1 at 2018-09-11 16:29:55 -0700
Processing by CatsController#show as HTML
  Parameters: {"id"=>"5"}
  [1m[36mCat Load (0.7ms)[0m  [1m[34mSELECT  "cats".* FROM "cats" WHERE "cats"."id" = $1 LIMIT $2[0m  [["id", 5], ["LIMIT", 1]]
  ↳ app/controllers/cats_controller.rb:9
Completed 404 Not Found in 3ms (ActiveRecord: 0.7ms)



ActiveRecord::RecordNotFound - Couldn't find Cat with 'id'=5:
  app/controllers/cats_controller.rb:9:in `show'

Started POST "/__better_errors/7b84eed5ec9b1064/variables" for 127.0.0.1 at 2018-09-11 16:29:55 -0700
Started GET "/cats/6" for 127.0.0.1 at 2018-09-11 16:29:59 -0700
Processing by CatsController#show as HTML
  Parameters: {"id"=>"6"}
  [1m[36mCat Load (0.6ms)[0m  [1m[34mSELECT  "cats".* FROM "cats" WHERE "cats"."id" = $1 LIMIT $2[0m  [["id", 6], ["LIMIT", 1]]
  ↳ app/controllers/cats_controller.rb:9
  Rendering cats/show.html.erb within layouts/application
  Rendered cats/show.html.erb within layouts/application (0.6ms)
Completed 200 OK in 22ms (Views: 8.6ms | ActiveRecord: 0.6ms)


Started GET "/cats/6/edit" for 127.0.0.1 at 2018-09-11 16:30:27 -0700
Processing by CatsController#edit as HTML
  Parameters: {"id"=>"6"}
  Rendering cats/edit.html.erb within layouts/application
  Rendered cats/edit.html.erb within layouts/application (0.6ms)
Completed 200 OK in 10ms (Views: 9.9ms | ActiveRecord: 0.0ms)


Started GET "/cats/6/edit" for 127.0.0.1 at 2018-09-11 16:31:51 -0700
Processing by CatsController#edit as HTML
  Parameters: {"id"=>"6"}
  Rendering cats/edit.html.erb within layouts/application
  Rendered cats/edit.html.erb within layouts/application (3.6ms)
Completed 500 Internal Server Error in 9ms (ActiveRecord: 0.0ms)



NoMethodError - undefined method `name' for nil:NilClass:
  app/views/cats/edit.html.erb:8:in `_app_views_cats_edit_html_erb__1968542414438919881_70222826584240'
  app/controllers/cats_controller.rb:18:in `edit'

Started POST "/__better_errors/64f651f0d209eff3/variables" for 127.0.0.1 at 2018-09-11 16:31:51 -0700
Started GET "/cats/6/edit" for 127.0.0.1 at 2018-09-11 16:32:41 -0700
Processing by CatsController#edit as HTML
  Parameters: {"id"=>"6"}
  Rendering cats/edit.html.erb within layouts/application
  Rendered cats/edit.html.erb within layouts/application (344.8ms)
Completed 500 Internal Server Error in 350ms (ActiveRecord: 0.0ms)



NameError - undefined local variable or method `cat' for #<#<Class:0x00007fbc0838eef8>:0x00007fbc0d4f05f8>
Did you mean?  catch:
  app/views/cats/edit.html.erb:8:in `_app_views_cats_edit_html_erb__1968542414438919881_70222826920240'
  app/controllers/cats_controller.rb:18:in `edit'

Started POST "/__better_errors/fe12ba729ead68dd/variables" for 127.0.0.1 at 2018-09-11 16:32:42 -0700
Started GET "/cats/6/edit" for 127.0.0.1 at 2018-09-11 16:35:32 -0700
Processing by CatsController#edit as HTML
  Parameters: {"id"=>"6"}
  Rendering cats/edit.html.erb within layouts/application
  Rendered cats/edit.html.erb within layouts/application (2.9ms)
Completed 500 Internal Server Error in 8ms (ActiveRecord: 0.0ms)



ActionController::UrlGenerationError - No route matches {:action=>"show", :controller=>"cats", :id=>nil}, missing required keys: [:id]:
  app/views/cats/edit.html.erb:3:in `_app_views_cats_edit_html_erb__1968542414438919881_70222789277220'
  app/controllers/cats_controller.rb:18:in `edit'

Started POST "/__better_errors/2d2e1fa773f6fae5/variables" for 127.0.0.1 at 2018-09-11 16:35:32 -0700
Started GET "/cats/6/edit" for 127.0.0.1 at 2018-09-11 16:35:39 -0700
Processing by CatsController#edit as HTML
  Parameters: {"id"=>"6"}
  Rendering cats/edit.html.erb within layouts/application
  Rendered cats/edit.html.erb within layouts/application (2.8ms)
Completed 500 Internal Server Error in 9ms (ActiveRecord: 0.0ms)



ActionController::UrlGenerationError - No route matches {:action=>"show", :controller=>"cats", :id=>nil}, missing required keys: [:id]:
  app/views/cats/edit.html.erb:3:in `_app_views_cats_edit_html_erb__1968542414438919881_70222776624040'
  app/controllers/cats_controller.rb:18:in `edit'

Started POST "/__better_errors/bf5051ade041a607/variables" for 127.0.0.1 at 2018-09-11 16:35:39 -0700
Started GET "/cats/6/edit" for 127.0.0.1 at 2018-09-11 16:41:49 -0700
Processing by CatsController#edit as HTML
  Parameters: {"id"=>"6"}
  Rendering cats/edit.html.erb within layouts/application
  Rendered cats/edit.html.erb within layouts/application (374.6ms)
Completed 500 Internal Server Error in 395ms (ActiveRecord: 0.0ms)



NameError - undefined local variable or method `cat' for #<#<Class:0x00007fbc0838eef8>:0x00007fbc08bd7bc8>
Did you mean?  catch:
  app/views/cats/edit.html.erb:8:in `_app_views_cats_edit_html_erb__1968542414438919881_70222788605060'
  app/controllers/cats_controller.rb:18:in `edit'

Started GET "/cats/6/edit" for 127.0.0.1 at 2018-09-11 16:41:50 -0700
Processing by CatsController#edit as HTML
  Parameters: {"id"=>"6"}
  Rendering cats/edit.html.erb within layouts/application
  Rendered cats/edit.html.erb within layouts/application (411.0ms)
Completed 500 Internal Server Error in 418ms (ActiveRecord: 0.0ms)



NameError - undefined local variable or method `cat' for #<#<Class:0x00007fbc0838eef8>:0x00007fbc0d481ba8>
Did you mean?  catch:
  app/views/cats/edit.html.erb:8:in `_app_views_cats_edit_html_erb__1968542414438919881_70222826701260'
  app/controllers/cats_controller.rb:18:in `edit'

Started POST "/__better_errors/0f5961d2934f9a5e/variables" for 127.0.0.1 at 2018-09-11 16:41:51 -0700
Started GET "/cats/6/edit" for 127.0.0.1 at 2018-09-11 16:43:17 -0700
Processing by CatsController#edit as HTML
  Parameters: {"id"=>"6"}
  [1m[36mCat Load (0.9ms)[0m  [1m[34mSELECT  "cats".* FROM "cats" WHERE "cats"."id" = $1 LIMIT $2[0m  [["id", 6], ["LIMIT", 1]]
  ↳ app/controllers/cats_controller.rb:18
  Rendering cats/edit.html.erb within layouts/application
  Rendered cats/edit.html.erb within layouts/application (0.9ms)
Completed 200 OK in 72ms (Views: 22.1ms | ActiveRecord: 16.2ms)


Started GET "/cats/6/edit" for 127.0.0.1 at 2018-09-11 16:44:51 -0700
Processing by CatsController#edit as HTML
  Parameters: {"id"=>"6"}
  [1m[36mCat Load (0.8ms)[0m  [1m[34mSELECT  "cats".* FROM "cats" WHERE "cats"."id" = $1 LIMIT $2[0m  [["id", 6], ["LIMIT", 1]]
  ↳ app/controllers/cats_controller.rb:18
  Rendering cats/edit.html.erb within layouts/application
  Rendered cats/edit.html.erb within layouts/application (0.7ms)
Completed 200 OK in 13ms (Views: 10.3ms | ActiveRecord: 0.8ms)


Started GET "/cats/6/edit" for 127.0.0.1 at 2018-09-11 16:44:53 -0700
Processing by CatsController#edit as HTML
  Parameters: {"id"=>"6"}
  [1m[36mCat Load (0.4ms)[0m  [1m[34mSELECT  "cats".* FROM "cats" WHERE "cats"."id" = $1 LIMIT $2[0m  [["id", 6], ["LIMIT", 1]]
  ↳ app/controllers/cats_controller.rb:18
  Rendering cats/edit.html.erb within layouts/application
  Rendered cats/edit.html.erb within layouts/application (0.8ms)
Completed 200 OK in 11ms (Views: 9.7ms | ActiveRecord: 0.4ms)


Started GET "/cats/6/edit" for 127.0.0.1 at 2018-09-11 16:45:05 -0700
Processing by CatsController#edit as HTML
  Parameters: {"id"=>"6"}
  [1m[36mCat Load (0.4ms)[0m  [1m[34mSELECT  "cats".* FROM "cats" WHERE "cats"."id" = $1 LIMIT $2[0m  [["id", 6], ["LIMIT", 1]]
  ↳ app/controllers/cats_controller.rb:18
  Rendering cats/edit.html.erb within layouts/application
  Rendered cats/edit.html.erb within layouts/application (0.7ms)
Completed 200 OK in 11ms (Views: 9.7ms | ActiveRecord: 0.4ms)


Started GET "/cats/6/edit" for 127.0.0.1 at 2018-09-11 16:46:55 -0700
Processing by CatsController#edit as HTML
  Parameters: {"id"=>"6"}
  [1m[36mCat Load (0.4ms)[0m  [1m[34mSELECT  "cats".* FROM "cats" WHERE "cats"."id" = $1 LIMIT $2[0m  [["id", 6], ["LIMIT", 1]]
  ↳ app/controllers/cats_controller.rb:18
  Rendering cats/edit.html.erb within layouts/application
  Rendered cats/edit.html.erb within layouts/application (1.2ms)
Completed 500 Internal Server Error in 9ms (ActiveRecord: 0.4ms)



SyntaxError - syntax error, unexpected keyword_ensure, expecting keyword_end
          ensure
          ^~~~~~
/Users/appacademy/Desktop/W4D2/cats99/app/views/cats/edit.html.erb:45: syntax error, unexpected end-of-input, expecting keyword_end
          end
             ^:
  app/views/cats/edit.html.erb:43:in `'
  app/controllers/cats_controller.rb:19:in `edit'

Started POST "/__better_errors/73521883649d33e3/variables" for 127.0.0.1 at 2018-09-11 16:46:55 -0700
Started GET "/cats/6/edit" for 127.0.0.1 at 2018-09-11 16:47:09 -0700
Processing by CatsController#edit as HTML
  Parameters: {"id"=>"6"}
  [1m[36mCat Load (0.5ms)[0m  [1m[34mSELECT  "cats".* FROM "cats" WHERE "cats"."id" = $1 LIMIT $2[0m  [["id", 6], ["LIMIT", 1]]
  ↳ app/controllers/cats_controller.rb:18
  Rendering cats/edit.html.erb within layouts/application
  Rendered cats/edit.html.erb within layouts/application (0.9ms)
Completed 200 OK in 38ms (Views: 35.0ms | ActiveRecord: 0.5ms)


Started GET "/cats/6/edit" for 127.0.0.1 at 2018-09-11 16:48:23 -0700
Processing by CatsController#edit as HTML
  Parameters: {"id"=>"6"}
  [1m[36mCat Load (0.4ms)[0m  [1m[34mSELECT  "cats".* FROM "cats" WHERE "cats"."id" = $1 LIMIT $2[0m  [["id", 6], ["LIMIT", 1]]
  ↳ app/controllers/cats_controller.rb:18
  Rendering cats/edit.html.erb within layouts/application
  Rendered cats/edit.html.erb within layouts/application (0.8ms)
Completed 200 OK in 11ms (Views: 9.0ms | ActiveRecord: 0.4ms)


Started GET "/cats/6/edit" for 127.0.0.1 at 2018-09-11 16:48:52 -0700
Processing by CatsController#edit as HTML
  Parameters: {"id"=>"6"}
  [1m[36mCat Load (0.3ms)[0m  [1m[34mSELECT  "cats".* FROM "cats" WHERE "cats"."id" = $1 LIMIT $2[0m  [["id", 6], ["LIMIT", 1]]
  ↳ app/controllers/cats_controller.rb:18
  Rendering cats/edit.html.erb within layouts/application
  Rendered cats/edit.html.erb within layouts/application (0.7ms)
Completed 200 OK in 12ms (Views: 10.7ms | ActiveRecord: 0.3ms)


Started GET "/cats/6/edit" for 127.0.0.1 at 2018-09-11 16:53:06 -0700
Processing by CatsController#edit as HTML
  Parameters: {"id"=>"6"}
  [1m[36mCat Load (0.3ms)[0m  [1m[34mSELECT  "cats".* FROM "cats" WHERE "cats"."id" = $1 LIMIT $2[0m  [["id", 6], ["LIMIT", 1]]
  ↳ app/controllers/cats_controller.rb:18
  Rendering cats/edit.html.erb within layouts/application
  Rendered cats/edit.html.erb within layouts/application (0.7ms)
Completed 200 OK in 12ms (Views: 9.7ms | ActiveRecord: 0.3ms)


Started GET "/cats/6/edit" for 127.0.0.1 at 2018-09-11 16:53:08 -0700
Processing by CatsController#edit as HTML
  Parameters: {"id"=>"6"}
  [1m[36mCat Load (0.3ms)[0m  [1m[34mSELECT  "cats".* FROM "cats" WHERE "cats"."id" = $1 LIMIT $2[0m  [["id", 6], ["LIMIT", 1]]
  ↳ app/controllers/cats_controller.rb:18
  Rendering cats/edit.html.erb within layouts/application
  Rendered cats/edit.html.erb within layouts/application (0.8ms)
Completed 200 OK in 12ms (Views: 9.7ms | ActiveRecord: 0.3ms)


Started GET "/cats/6/edit" for 127.0.0.1 at 2018-09-11 16:53:22 -0700
Processing by CatsController#edit as HTML
  Parameters: {"id"=>"6"}
  [1m[36mCat Load (0.5ms)[0m  [1m[34mSELECT  "cats".* FROM "cats" WHERE "cats"."id" = $1 LIMIT $2[0m  [["id", 6], ["LIMIT", 1]]
  ↳ app/controllers/cats_controller.rb:18
  Rendering cats/edit.html.erb within layouts/application
  Rendered cats/edit.html.erb within layouts/application (1.0ms)
Completed 200 OK in 22ms (Views: 19.7ms | ActiveRecord: 0.5ms)


Started GET "/cats/6/edit" for 127.0.0.1 at 2018-09-11 16:53:55 -0700
Processing by CatsController#edit as HTML
  Parameters: {"id"=>"6"}
  [1m[36mCat Load (0.3ms)[0m  [1m[34mSELECT  "cats".* FROM "cats" WHERE "cats"."id" = $1 LIMIT $2[0m  [["id", 6], ["LIMIT", 1]]
  ↳ app/controllers/cats_controller.rb:18
  Rendering cats/edit.html.erb within layouts/application
  Rendered cats/edit.html.erb within layouts/application (0.7ms)
Completed 200 OK in 12ms (Views: 10.4ms | ActiveRecord: 0.3ms)


Started GET "/cats/6/edit" for 127.0.0.1 at 2018-09-11 16:53:56 -0700
Processing by CatsController#edit as HTML
  Parameters: {"id"=>"6"}
  [1m[36mCat Load (0.3ms)[0m  [1m[34mSELECT  "cats".* FROM "cats" WHERE "cats"."id" = $1 LIMIT $2[0m  [["id", 6], ["LIMIT", 1]]
  ↳ app/controllers/cats_controller.rb:18
  Rendering cats/edit.html.erb within layouts/application
  Rendered cats/edit.html.erb within layouts/application (0.7ms)
Completed 200 OK in 11ms (Views: 9.3ms | ActiveRecord: 0.3ms)


Started GET "/cats/7/edit" for 127.0.0.1 at 2018-09-11 16:54:01 -0700
Processing by CatsController#edit as HTML
  Parameters: {"id"=>"7"}
  [1m[36mCat Load (0.5ms)[0m  [1m[34mSELECT  "cats".* FROM "cats" WHERE "cats"."id" = $1 LIMIT $2[0m  [["id", 7], ["LIMIT", 1]]
  ↳ app/controllers/cats_controller.rb:18
  Rendering cats/edit.html.erb within layouts/application
  Rendered cats/edit.html.erb within layouts/application (1.0ms)
Completed 200 OK in 11ms (Views: 9.1ms | ActiveRecord: 0.5ms)


Started GET "/cats/8/edit" for 127.0.0.1 at 2018-09-11 16:54:06 -0700
Processing by CatsController#edit as HTML
  Parameters: {"id"=>"8"}
  [1m[36mCat Load (0.9ms)[0m  [1m[34mSELECT  "cats".* FROM "cats" WHERE "cats"."id" = $1 LIMIT $2[0m  [["id", 8], ["LIMIT", 1]]
  ↳ app/controllers/cats_controller.rb:18
  Rendering cats/edit.html.erb within layouts/application
  Rendered cats/edit.html.erb within layouts/application (1.3ms)
Completed 200 OK in 14ms (Views: 11.7ms | ActiveRecord: 0.9ms)


Started GET "/cats/6/edit" for 127.0.0.1 at 2018-09-11 16:54:10 -0700
Processing by CatsController#edit as HTML
  Parameters: {"id"=>"6"}
  [1m[36mCat Load (0.3ms)[0m  [1m[34mSELECT  "cats".* FROM "cats" WHERE "cats"."id" = $1 LIMIT $2[0m  [["id", 6], ["LIMIT", 1]]
  ↳ app/controllers/cats_controller.rb:18
  Rendering cats/edit.html.erb within layouts/application
  Rendered cats/edit.html.erb within layouts/application (0.7ms)
Completed 200 OK in 13ms (Views: 10.8ms | ActiveRecord: 0.3ms)


Started GET "/cats/6/edit" for 127.0.0.1 at 2018-09-11 17:00:44 -0700
Processing by CatsController#edit as HTML
  Parameters: {"id"=>"6"}
  [1m[36mCat Load (1.5ms)[0m  [1m[34mSELECT  "cats".* FROM "cats" WHERE "cats"."id" = $1 LIMIT $2[0m  [["id", 6], ["LIMIT", 1]]
  ↳ app/controllers/cats_controller.rb:18
  Rendering cats/edit.html.erb within layouts/application
  Rendered cats/edit.html.erb within layouts/application (1.1ms)
Completed 200 OK in 13ms (Views: 9.6ms | ActiveRecord: 1.5ms)


Started GET "/cats/6/edit" for 127.0.0.1 at 2018-09-11 17:00:55 -0700
Processing by CatsController#edit as HTML
  Parameters: {"id"=>"6"}
  [1m[36mCat Load (0.5ms)[0m  [1m[34mSELECT  "cats".* FROM "cats" WHERE "cats"."id" = $1 LIMIT $2[0m  [["id", 6], ["LIMIT", 1]]
  ↳ app/controllers/cats_controller.rb:18
  Rendering cats/edit.html.erb within layouts/application
  Rendered cats/edit.html.erb within layouts/application (1.2ms)
Completed 200 OK in 33ms (Views: 30.3ms | ActiveRecord: 0.5ms)


Started GET "/cats/6/edit" for 127.0.0.1 at 2018-09-11 17:01:08 -0700
Processing by CatsController#edit as HTML
  Parameters: {"id"=>"6"}
  [1m[36mCat Load (0.5ms)[0m  [1m[34mSELECT  "cats".* FROM "cats" WHERE "cats"."id" = $1 LIMIT $2[0m  [["id", 6], ["LIMIT", 1]]
  ↳ app/controllers/cats_controller.rb:18
  Rendering cats/edit.html.erb within layouts/application
  Rendered cats/edit.html.erb within layouts/application (0.8ms)
Completed 200 OK in 10ms (Views: 8.7ms | ActiveRecord: 0.5ms)


Started GET "/cats/6/edit" for 127.0.0.1 at 2018-09-11 17:01:41 -0700
Processing by CatsController#edit as HTML
  Parameters: {"id"=>"6"}
  [1m[36mCat Load (0.5ms)[0m  [1m[34mSELECT  "cats".* FROM "cats" WHERE "cats"."id" = $1 LIMIT $2[0m  [["id", 6], ["LIMIT", 1]]
  ↳ app/controllers/cats_controller.rb:18
  Rendering cats/edit.html.erb within layouts/application
  Rendered cats/edit.html.erb within layouts/application (1.0ms)
Completed 200 OK in 11ms (Views: 9.5ms | ActiveRecord: 0.5ms)


Started GET "/cats/6/edit" for 127.0.0.1 at 2018-09-11 17:02:13 -0700
Processing by CatsController#edit as HTML
  Parameters: {"id"=>"6"}
  [1m[36mCat Load (0.5ms)[0m  [1m[34mSELECT  "cats".* FROM "cats" WHERE "cats"."id" = $1 LIMIT $2[0m  [["id", 6], ["LIMIT", 1]]
  ↳ app/controllers/cats_controller.rb:18
  Rendering cats/edit.html.erb within layouts/application
  Rendered cats/edit.html.erb within layouts/application (0.8ms)
Completed 200 OK in 10ms (Views: 8.0ms | ActiveRecord: 0.5ms)


Started GET "/cats/6/edit" for 127.0.0.1 at 2018-09-11 17:06:09 -0700
Processing by CatsController#edit as HTML
  Parameters: {"id"=>"6"}
  [1m[36mCat Load (0.5ms)[0m  [1m[34mSELECT  "cats".* FROM "cats" WHERE "cats"."id" = $1 LIMIT $2[0m  [["id", 6], ["LIMIT", 1]]
  ↳ app/controllers/cats_controller.rb:18
  Rendering cats/edit.html.erb within layouts/application
  Rendered cats/edit.html.erb within layouts/application (0.8ms)
Completed 200 OK in 10ms (Views: 8.0ms | ActiveRecord: 0.5ms)


Started GET "/cats/6/edit" for 127.0.0.1 at 2018-09-11 17:07:39 -0700
Processing by CatsController#edit as HTML
  Parameters: {"id"=>"6"}
  [1m[36mCat Load (0.5ms)[0m  [1m[34mSELECT  "cats".* FROM "cats" WHERE "cats"."id" = $1 LIMIT $2[0m  [["id", 6], ["LIMIT", 1]]
  ↳ app/controllers/cats_controller.rb:18
  Rendering cats/edit.html.erb within layouts/application
  Rendered cats/edit.html.erb within layouts/application (13.2ms)
Completed 500 Internal Server Error in 20ms (ActiveRecord: 0.5ms)



SyntaxError - syntax error, unexpected '<'
      <option value="orange" '.freez...
      ^
/Users/appacademy/Desktop/W4D2/cats99/app/views/cats/edit.html.erb:25: syntax error, unexpected tIDENTIFIER, expecting ')'
...lected if @cat.color == 'orange' );@output_buffer.safe_appen...
...                         ^~~~~~
/Users/appacademy/Desktop/W4D2/cats99/app/views/cats/edit.html.erb:26: unknown regexp options - pt
/Users/appacademy/Desktop/W4D2/cats99/app/views/cats/edit.html.erb:27: syntax error, unexpected '<'
      <option value="brown">brown</o...
      ^
/Users/appacademy/Desktop/W4D2/cats99/app/views/cats/edit.html.erb:28: unknown regexp options - pt
/Users/appacademy/Desktop/W4D2/cats99/app/views/cats/edit.html.erb:29: syntax error, unexpected '<'
      <option value="leopard-print">...
      ^
/Users/appacademy/Desktop/W4D2/cats99/app/views/cats/edit.html.erb:30: unknown regexp options - lct
/Users/appacademy/Desktop/W4D2/cats99/app/views/cats/edit.html.erb:32: syntax error, unexpected '<'
  <br>
  ^
/Users/appacademy/Desktop/W4D2/cats99/app/views/cats/edit.html.erb:34: syntax error, unexpected tSYMBEG, expecting keyword_do or '{' or '('
  <label for="date">Birthdate:</label>
                             ^
/Users/appacademy/Desktop/W4D2/cats99/app/views/cats/edit.html.erb:35: syntax error, unexpected '<'
  <input type="date" name="cat[d...
  ^
/Users/appacademy/Desktop/W4D2/cats99/app/views/cats/edit.html.erb:35: syntax error, unexpected tIDENTIFIER, expecting ')'
  <input type="date" name="cat[date]" value="'.freeze;...
                     ^~~~
/Users/appacademy/Desktop/W4D2/cats99/app/views/cats/edit.html.erb:35: syntax error, unexpected tIDENTIFIER, expecting ')'
...e="date" name="cat[date]" value="'.freeze;@output_buffer.app...
...                          ^~~~~
/Users/appacademy/Desktop/W4D2/cats99/app/views/cats/edit.html.erb:36: syntax error, unexpected '<'
  <br>
  ^
/Users/appacademy/Desktop/W4D2/cats99/app/views/cats/edit.html.erb:38: syntax error, unexpected tLABEL, expecting keyword_do or '{' or '('
...="description">Cat Description:</label>
...                   ^~~~~~~~~~~~
/Users/appacademy/Desktop/W4D2/cats99/app/views/cats/edit.html.erb:40: unknown regexp options - ttara
/Users/appacademy/Desktop/W4D2/cats99/app/views/cats/edit.html.erb:44: syntax error, unexpected '<'
</form>
^
/Users/appacademy/Desktop/W4D2/cats99/app/views/cats/edit.html.erb:49: unterminated regexp meets end of file
          end
             ^
/Users/appacademy/Desktop/W4D2/cats99/app/views/cats/edit.html.erb:49: syntax error, unexpected end-of-input, expecting ')'
          end
             ^:
  app/views/cats/edit.html.erb:25:in `'
  app/controllers/cats_controller.rb:19:in `edit'

Started POST "/__better_errors/c1d1a261757d55bd/variables" for 127.0.0.1 at 2018-09-11 17:07:39 -0700
Started GET "/cats/6/edit" for 127.0.0.1 at 2018-09-11 17:07:59 -0700
Processing by CatsController#edit as HTML
  Parameters: {"id"=>"6"}
  [1m[36mCat Load (0.6ms)[0m  [1m[34mSELECT  "cats".* FROM "cats" WHERE "cats"."id" = $1 LIMIT $2[0m  [["id", 6], ["LIMIT", 1]]
  ↳ app/controllers/cats_controller.rb:18
  Rendering cats/edit.html.erb within layouts/application
  Rendered cats/edit.html.erb within layouts/application (1.3ms)
Completed 500 Internal Server Error in 9ms (ActiveRecord: 0.6ms)



SyntaxError - syntax error, unexpected '<'
      <option value="orange" '.freez...
      ^
/Users/appacademy/Desktop/W4D2/cats99/app/views/cats/edit.html.erb:25: syntax error, unexpected tIDENTIFIER, expecting ')'
...ected" if @cat.color == 'orange' );@output_buffer.safe_appen...
...                         ^~~~~~
/Users/appacademy/Desktop/W4D2/cats99/app/views/cats/edit.html.erb:26: unknown regexp options - pt
/Users/appacademy/Desktop/W4D2/cats99/app/views/cats/edit.html.erb:27: syntax error, unexpected '<'
      <option value="brown">brown</o...
      ^
/Users/appacademy/Desktop/W4D2/cats99/app/views/cats/edit.html.erb:28: unknown regexp options - pt
/Users/appacademy/Desktop/W4D2/cats99/app/views/cats/edit.html.erb:29: syntax error, unexpected '<'
      <option value="leopard-print">...
      ^
/Users/appacademy/Desktop/W4D2/cats99/app/views/cats/edit.html.erb:30: unknown regexp options - lct
/Users/appacademy/Desktop/W4D2/cats99/app/views/cats/edit.html.erb:32: syntax error, unexpected '<'
  <br>
  ^
/Users/appacademy/Desktop/W4D2/cats99/app/views/cats/edit.html.erb:34: syntax error, unexpected tSYMBEG, expecting keyword_do or '{' or '('
  <label for="date">Birthdate:</label>
                             ^
/Users/appacademy/Desktop/W4D2/cats99/app/views/cats/edit.html.erb:35: syntax error, unexpected '<'
  <input type="date" name="cat[d...
  ^
/Users/appacademy/Desktop/W4D2/cats99/app/views/cats/edit.html.erb:35: syntax error, unexpected tIDENTIFIER, expecting ')'
  <input type="date" name="cat[date]" value="'.freeze;...
                     ^~~~
/Users/appacademy/Desktop/W4D2/cats99/app/views/cats/edit.html.erb:35: syntax error, unexpected tIDENTIFIER, expecting ')'
...e="date" name="cat[date]" value="'.freeze;@output_buffer.app...
...                          ^~~~~
/Users/appacademy/Desktop/W4D2/cats99/app/views/cats/edit.html.erb:36: syntax error, unexpected '<'
  <br>
  ^
/Users/appacademy/Desktop/W4D2/cats99/app/views/cats/edit.html.erb:38: syntax error, unexpected tLABEL, expecting keyword_do or '{' or '('
...="description">Cat Description:</label>
...                   ^~~~~~~~~~~~
/Users/appacademy/Desktop/W4D2/cats99/app/views/cats/edit.html.erb:40: unknown regexp options - ttara
/Users/appacademy/Desktop/W4D2/cats99/app/views/cats/edit.html.erb:44: syntax error, unexpected '<'
</form>
^
/Users/appacademy/Desktop/W4D2/cats99/app/views/cats/edit.html.erb:49: unterminated regexp meets end of file
          end
             ^
/Users/appacademy/Desktop/W4D2/cats99/app/views/cats/edit.html.erb:49: syntax error, unexpected end-of-input, expecting ')'
          end
             ^:
  app/views/cats/edit.html.erb:25:in `'
  app/controllers/cats_controller.rb:19:in `edit'

Started POST "/__better_errors/73122d5e69f43181/variables" for 127.0.0.1 at 2018-09-11 17:07:59 -0700
Started GET "/cats/6/edit" for 127.0.0.1 at 2018-09-11 17:08:16 -0700
Processing by CatsController#edit as HTML
  Parameters: {"id"=>"6"}
  [1m[36mCat Load (0.5ms)[0m  [1m[34mSELECT  "cats".* FROM "cats" WHERE "cats"."id" = $1 LIMIT $2[0m  [["id", 6], ["LIMIT", 1]]
  ↳ app/controllers/cats_controller.rb:18
  Rendering cats/edit.html.erb within layouts/application
  Rendered cats/edit.html.erb within layouts/application (1.3ms)
Completed 500 Internal Server Error in 8ms (ActiveRecord: 0.5ms)



SyntaxError - syntax error, unexpected '<'
      <option value="orange" selecte...
      ^
/Users/appacademy/Desktop/W4D2/cats99/app/views/cats/edit.html.erb:25: syntax error, unexpected tIDENTIFIER, expecting ')'
...<option value="orange" selected '.freeze;@output_buffer.appe...
...                       ^~~~~~~~
/Users/appacademy/Desktop/W4D2/cats99/app/views/cats/edit.html.erb:25: syntax error, unexpected tIDENTIFIER, expecting ')'
...end=(  if @cat.color == 'orange' );@output_buffer.safe_appen...
...                         ^~~~~~
/Users/appacademy/Desktop/W4D2/cats99/app/views/cats/edit.html.erb:26: unknown regexp options - pt
/Users/appacademy/Desktop/W4D2/cats99/app/views/cats/edit.html.erb:27: syntax error, unexpected '<'
      <option value="brown">brown</o...
      ^
/Users/appacademy/Desktop/W4D2/cats99/app/views/cats/edit.html.erb:28: unknown regexp options - pt
/Users/appacademy/Desktop/W4D2/cats99/app/views/cats/edit.html.erb:29: syntax error, unexpected '<'
      <option value="leopard-print">...
      ^
/Users/appacademy/Desktop/W4D2/cats99/app/views/cats/edit.html.erb:30: unknown regexp options - lct
/Users/appacademy/Desktop/W4D2/cats99/app/views/cats/edit.html.erb:32: syntax error, unexpected '<'
  <br>
  ^
/Users/appacademy/Desktop/W4D2/cats99/app/views/cats/edit.html.erb:34: syntax error, unexpected tSYMBEG, expecting keyword_do or '{' or '('
  <label for="date">Birthdate:</label>
                             ^
/Users/appacademy/Desktop/W4D2/cats99/app/views/cats/edit.html.erb:35: syntax error, unexpected '<'
  <input type="date" name="cat[d...
  ^
/Users/appacademy/Desktop/W4D2/cats99/app/views/cats/edit.html.erb:35: syntax error, unexpected tIDENTIFIER, expecting ')'
  <input type="date" name="cat[date]" value="'.freeze;...
                     ^~~~
/Users/appacademy/Desktop/W4D2/cats99/app/views/cats/edit.html.erb:35: syntax error, unexpected tIDENTIFIER, expecting ')'
...e="date" name="cat[date]" value="'.freeze;@output_buffer.app...
...                          ^~~~~
/Users/appacademy/Desktop/W4D2/cats99/app/views/cats/edit.html.erb:36: syntax error, unexpected '<'
  <br>
  ^
/Users/appacademy/Desktop/W4D2/cats99/app/views/cats/edit.html.erb:38: syntax error, unexpected tLABEL, expecting keyword_do or '{' or '('
...="description">Cat Description:</label>
...                   ^~~~~~~~~~~~
/Users/appacademy/Desktop/W4D2/cats99/app/views/cats/edit.html.erb:40: unknown regexp options - ttara
/Users/appacademy/Desktop/W4D2/cats99/app/views/cats/edit.html.erb:44: syntax error, unexpected '<'
</form>
^
/Users/appacademy/Desktop/W4D2/cats99/app/views/cats/edit.html.erb:49: unterminated regexp meets end of file
          end
             ^
/Users/appacademy/Desktop/W4D2/cats99/app/views/cats/edit.html.erb:49: syntax error, unexpected end-of-input, expecting ')'
          end
             ^:
  app/views/cats/edit.html.erb:25:in `'
  app/controllers/cats_controller.rb:19:in `edit'

Started POST "/__better_errors/bae5645c6ba12618/variables" for 127.0.0.1 at 2018-09-11 17:08:16 -0700
Started GET "/cats/6/edit" for 127.0.0.1 at 2018-09-11 17:08:18 -0700
Processing by CatsController#edit as HTML
  Parameters: {"id"=>"6"}
  [1m[36mCat Load (0.5ms)[0m  [1m[34mSELECT  "cats".* FROM "cats" WHERE "cats"."id" = $1 LIMIT $2[0m  [["id", 6], ["LIMIT", 1]]
  ↳ app/controllers/cats_controller.rb:18
  Rendering cats/edit.html.erb within layouts/application
  Rendered cats/edit.html.erb within layouts/application (1.0ms)
Completed 500 Internal Server Error in 8ms (ActiveRecord: 0.5ms)



SyntaxError - syntax error, unexpected '<'
      <option value="orange" selecte...
      ^
/Users/appacademy/Desktop/W4D2/cats99/app/views/cats/edit.html.erb:25: syntax error, unexpected tIDENTIFIER, expecting ')'
...<option value="orange" selected '.freeze;@output_buffer.appe...
...                       ^~~~~~~~
/Users/appacademy/Desktop/W4D2/cats99/app/views/cats/edit.html.erb:25: syntax error, unexpected tIDENTIFIER, expecting ')'
...end=(  if @cat.color == 'orange' );@output_buffer.safe_appen...
...                         ^~~~~~
/Users/appacademy/Desktop/W4D2/cats99/app/views/cats/edit.html.erb:26: unknown regexp options - pt
/Users/appacademy/Desktop/W4D2/cats99/app/views/cats/edit.html.erb:27: syntax error, unexpected '<'
      <option value="brown">brown</o...
      ^
/Users/appacademy/Desktop/W4D2/cats99/app/views/cats/edit.html.erb:28: unknown regexp options - pt
/Users/appacademy/Desktop/W4D2/cats99/app/views/cats/edit.html.erb:29: syntax error, unexpected '<'
      <option value="leopard-print">...
      ^
/Users/appacademy/Desktop/W4D2/cats99/app/views/cats/edit.html.erb:30: unknown regexp options - lct
/Users/appacademy/Desktop/W4D2/cats99/app/views/cats/edit.html.erb:32: syntax error, unexpected '<'
  <br>
  ^
/Users/appacademy/Desktop/W4D2/cats99/app/views/cats/edit.html.erb:34: syntax error, unexpected tSYMBEG, expecting keyword_do or '{' or '('
  <label for="date">Birthdate:</label>
                             ^
/Users/appacademy/Desktop/W4D2/cats99/app/views/cats/edit.html.erb:35: syntax error, unexpected '<'
  <input type="date" name="cat[d...
  ^
/Users/appacademy/Desktop/W4D2/cats99/app/views/cats/edit.html.erb:35: syntax error, unexpected tIDENTIFIER, expecting ')'
  <input type="date" name="cat[date]" value="'.freeze;...
                     ^~~~
/Users/appacademy/Desktop/W4D2/cats99/app/views/cats/edit.html.erb:35: syntax error, unexpected tIDENTIFIER, expecting ')'
...e="date" name="cat[date]" value="'.freeze;@output_buffer.app...
...                          ^~~~~
/Users/appacademy/Desktop/W4D2/cats99/app/views/cats/edit.html.erb:36: syntax error, unexpected '<'
  <br>
  ^
/Users/appacademy/Desktop/W4D2/cats99/app/views/cats/edit.html.erb:38: syntax error, unexpected tLABEL, expecting keyword_do or '{' or '('
...="description">Cat Description:</label>
...                   ^~~~~~~~~~~~
/Users/appacademy/Desktop/W4D2/cats99/app/views/cats/edit.html.erb:40: unknown regexp options - ttara
/Users/appacademy/Desktop/W4D2/cats99/app/views/cats/edit.html.erb:44: syntax error, unexpected '<'
</form>
^
/Users/appacademy/Desktop/W4D2/cats99/app/views/cats/edit.html.erb:49: unterminated regexp meets end of file
          end
             ^
/Users/appacademy/Desktop/W4D2/cats99/app/views/cats/edit.html.erb:49: syntax error, unexpected end-of-input, expecting ')'
          end
             ^:
  app/views/cats/edit.html.erb:25:in `'
  app/controllers/cats_controller.rb:19:in `edit'

Started POST "/__better_errors/630932bd3d116b66/variables" for 127.0.0.1 at 2018-09-11 17:08:18 -0700
Started GET "/cats/6/edit" for 127.0.0.1 at 2018-09-11 17:09:13 -0700
Processing by CatsController#edit as HTML
  Parameters: {"id"=>"6"}
  [1m[36mCat Load (0.5ms)[0m  [1m[34mSELECT  "cats".* FROM "cats" WHERE "cats"."id" = $1 LIMIT $2[0m  [["id", 6], ["LIMIT", 1]]
  ↳ app/controllers/cats_controller.rb:18
  Rendering cats/edit.html.erb within layouts/application
  Rendered cats/edit.html.erb within layouts/application (1.3ms)
Completed 500 Internal Server Error in 8ms (ActiveRecord: 0.5ms)



SyntaxError - syntax error, unexpected '<'
      <option value="orange" "select...
      ^
/Users/appacademy/Desktop/W4D2/cats99/app/views/cats/edit.html.erb:25: syntax error, unexpected tIDENTIFIER, expecting ')'
...end=(  if @cat.color == 'orange' );@output_buffer.safe_appen...
...                         ^~~~~~
/Users/appacademy/Desktop/W4D2/cats99/app/views/cats/edit.html.erb:26: unknown regexp options - pt
/Users/appacademy/Desktop/W4D2/cats99/app/views/cats/edit.html.erb:27: syntax error, unexpected '<'
      <option value="brown">brown</o...
      ^
/Users/appacademy/Desktop/W4D2/cats99/app/views/cats/edit.html.erb:28: unknown regexp options - pt
/Users/appacademy/Desktop/W4D2/cats99/app/views/cats/edit.html.erb:29: syntax error, unexpected '<'
      <option value="leopard-print">...
      ^
/Users/appacademy/Desktop/W4D2/cats99/app/views/cats/edit.html.erb:30: unknown regexp options - lct
/Users/appacademy/Desktop/W4D2/cats99/app/views/cats/edit.html.erb:32: syntax error, unexpected '<'
  <br>
  ^
/Users/appacademy/Desktop/W4D2/cats99/app/views/cats/edit.html.erb:34: syntax error, unexpected tSYMBEG, expecting keyword_do or '{' or '('
  <label for="date">Birthdate:</label>
                             ^
/Users/appacademy/Desktop/W4D2/cats99/app/views/cats/edit.html.erb:35: syntax error, unexpected '<'
  <input type="date" name="cat[d...
  ^
/Users/appacademy/Desktop/W4D2/cats99/app/views/cats/edit.html.erb:35: syntax error, unexpected tIDENTIFIER, expecting ')'
  <input type="date" name="cat[date]" value="'.freeze;...
                     ^~~~
/Users/appacademy/Desktop/W4D2/cats99/app/views/cats/edit.html.erb:35: syntax error, unexpected tIDENTIFIER, expecting ')'
...e="date" name="cat[date]" value="'.freeze;@output_buffer.app...
...                          ^~~~~
/Users/appacademy/Desktop/W4D2/cats99/app/views/cats/edit.html.erb:36: syntax error, unexpected '<'
  <br>
  ^
/Users/appacademy/Desktop/W4D2/cats99/app/views/cats/edit.html.erb:38: syntax error, unexpected tLABEL, expecting keyword_do or '{' or '('
...="description">Cat Description:</label>
...                   ^~~~~~~~~~~~
/Users/appacademy/Desktop/W4D2/cats99/app/views/cats/edit.html.erb:40: unknown regexp options - ttara
/Users/appacademy/Desktop/W4D2/cats99/app/views/cats/edit.html.erb:44: syntax error, unexpected '<'
</form>
^
/Users/appacademy/Desktop/W4D2/cats99/app/views/cats/edit.html.erb:49: unterminated regexp meets end of file
          end
             ^
/Users/appacademy/Desktop/W4D2/cats99/app/views/cats/edit.html.erb:49: syntax error, unexpected end-of-input, expecting ')'
          end
             ^:
  app/views/cats/edit.html.erb:25:in `'
  app/controllers/cats_controller.rb:19:in `edit'

Started POST "/__better_errors/5af90009b6d73836/variables" for 127.0.0.1 at 2018-09-11 17:09:13 -0700
Started GET "/cats/6" for 127.0.0.1 at 2018-09-11 17:10:06 -0700
Processing by CatsController#show as HTML
  Parameters: {"id"=>"6"}
  [1m[36mCat Load (0.5ms)[0m  [1m[34mSELECT  "cats".* FROM "cats" WHERE "cats"."id" = $1 LIMIT $2[0m  [["id", 6], ["LIMIT", 1]]
  ↳ app/controllers/cats_controller.rb:9
  Rendering cats/show.html.erb within layouts/application
  Rendered cats/show.html.erb within layouts/application (0.6ms)
Completed 200 OK in 11ms (Views: 8.7ms | ActiveRecord: 0.5ms)


Started GET "/cats/6/edit" for 127.0.0.1 at 2018-09-11 17:10:08 -0700
Processing by CatsController#edit as HTML
  Parameters: {"id"=>"6"}
  [1m[36mCat Load (0.5ms)[0m  [1m[34mSELECT  "cats".* FROM "cats" WHERE "cats"."id" = $1 LIMIT $2[0m  [["id", 6], ["LIMIT", 1]]
  ↳ app/controllers/cats_controller.rb:18
  Rendering cats/edit.html.erb within layouts/application
  Rendered cats/edit.html.erb within layouts/application (1.3ms)
Completed 500 Internal Server Error in 9ms (ActiveRecord: 0.5ms)



SyntaxError - syntax error, unexpected '<'
      <option value="orange" '.freez...
      ^
/Users/appacademy/Desktop/W4D2/cats99/app/views/cats/edit.html.erb:25: syntax error, unexpected tIDENTIFIER, expecting ')'
...ected" if @cat.color == 'orange' );@output_buffer.safe_appen...
...                         ^~~~~~
/Users/appacademy/Desktop/W4D2/cats99/app/views/cats/edit.html.erb:26: unknown regexp options - pt
/Users/appacademy/Desktop/W4D2/cats99/app/views/cats/edit.html.erb:27: syntax error, unexpected '<'
      <option value="brown">brown</o...
      ^
/Users/appacademy/Desktop/W4D2/cats99/app/views/cats/edit.html.erb:28: unknown regexp options - pt
/Users/appacademy/Desktop/W4D2/cats99/app/views/cats/edit.html.erb:29: syntax error, unexpected '<'
      <option value="leopard-print">...
      ^
/Users/appacademy/Desktop/W4D2/cats99/app/views/cats/edit.html.erb:30: unknown regexp options - lct
/Users/appacademy/Desktop/W4D2/cats99/app/views/cats/edit.html.erb:32: syntax error, unexpected '<'
  <br>
  ^
/Users/appacademy/Desktop/W4D2/cats99/app/views/cats/edit.html.erb:34: syntax error, unexpected tSYMBEG, expecting keyword_do or '{' or '('
  <label for="date">Birthdate:</label>
                             ^
/Users/appacademy/Desktop/W4D2/cats99/app/views/cats/edit.html.erb:35: syntax error, unexpected '<'
  <input type="date" name="cat[d...
  ^
/Users/appacademy/Desktop/W4D2/cats99/app/views/cats/edit.html.erb:35: syntax error, unexpected tIDENTIFIER, expecting ')'
  <input type="date" name="cat[date]" value="'.freeze;...
                     ^~~~
/Users/appacademy/Desktop/W4D2/cats99/app/views/cats/edit.html.erb:35: syntax error, unexpected tIDENTIFIER, expecting ')'
...e="date" name="cat[date]" value="'.freeze;@output_buffer.app...
...                          ^~~~~
/Users/appacademy/Desktop/W4D2/cats99/app/views/cats/edit.html.erb:36: syntax error, unexpected '<'
  <br>
  ^
/Users/appacademy/Desktop/W4D2/cats99/app/views/cats/edit.html.erb:38: syntax error, unexpected tLABEL, expecting keyword_do or '{' or '('
...="description">Cat Description:</label>
...                   ^~~~~~~~~~~~
/Users/appacademy/Desktop/W4D2/cats99/app/views/cats/edit.html.erb:40: unknown regexp options - ttara
/Users/appacademy/Desktop/W4D2/cats99/app/views/cats/edit.html.erb:44: syntax error, unexpected '<'
</form>
^
/Users/appacademy/Desktop/W4D2/cats99/app/views/cats/edit.html.erb:49: unterminated regexp meets end of file
          end
             ^
/Users/appacademy/Desktop/W4D2/cats99/app/views/cats/edit.html.erb:49: syntax error, unexpected end-of-input, expecting ')'
          end
             ^:
  app/views/cats/edit.html.erb:25:in `'
  app/controllers/cats_controller.rb:19:in `edit'

Started POST "/__better_errors/1a92f31a5575fe2b/variables" for 127.0.0.1 at 2018-09-11 17:10:08 -0700
Started GET "/cats/6/edit" for 127.0.0.1 at 2018-09-11 17:10:43 -0700
Processing by CatsController#edit as HTML
  Parameters: {"id"=>"6"}
  [1m[36mCat Load (0.5ms)[0m  [1m[34mSELECT  "cats".* FROM "cats" WHERE "cats"."id" = $1 LIMIT $2[0m  [["id", 6], ["LIMIT", 1]]
  ↳ app/controllers/cats_controller.rb:18
  Rendering cats/edit.html.erb within layouts/application
  Rendered cats/edit.html.erb within layouts/application (1.6ms)
Completed 200 OK in 13ms (Views: 10.8ms | ActiveRecord: 0.5ms)


Started GET "/cats/6/edit" for 127.0.0.1 at 2018-09-11 17:16:52 -0700
Processing by CatsController#edit as HTML
  Parameters: {"id"=>"6"}
  [1m[36mCat Load (1.3ms)[0m  [1m[34mSELECT  "cats".* FROM "cats" WHERE "cats"."id" = $1 LIMIT $2[0m  [["id", 6], ["LIMIT", 1]]
  ↳ app/controllers/cats_controller.rb:18
  Rendering cats/edit.html.erb within layouts/application
  Rendered cats/edit.html.erb within layouts/application (1.0ms)
Completed 200 OK in 20ms (Views: 17.3ms | ActiveRecord: 1.3ms)


Started GET "/cats/6/edit" for 127.0.0.1 at 2018-09-11 17:20:21 -0700
Processing by CatsController#edit as HTML
  Parameters: {"id"=>"6"}
  [1m[36mCat Load (0.5ms)[0m  [1m[34mSELECT  "cats".* FROM "cats" WHERE "cats"."id" = $1 LIMIT $2[0m  [["id", 6], ["LIMIT", 1]]
  ↳ app/controllers/cats_controller.rb:18
  Rendering cats/edit.html.erb within layouts/application
  Rendered cats/edit.html.erb within layouts/application (1.2ms)
Completed 200 OK in 78ms (Views: 28.6ms | ActiveRecord: 10.0ms)


Started GET "/cats/new" for 127.0.0.1 at 2018-09-11 17:25:08 -0700
Processing by CatsController#new as HTML
  Rendering cats/new.html.erb within layouts/application
  Rendered cats/new.html.erb within layouts/application (0.3ms)
Completed 200 OK in 25ms (Views: 24.3ms | ActiveRecord: 0.0ms)


Started GET "/cats/new" for 127.0.0.1 at 2018-09-11 17:31:53 -0700
Processing by CatsController#new as HTML
  Rendering cats/new.html.erb within layouts/application
  Rendered cats/new.html.erb within layouts/application (0.5ms)
Completed 200 OK in 20ms (Views: 19.2ms | ActiveRecord: 0.0ms)


Started GET "/cats/6/edit" for 127.0.0.1 at 2018-09-11 17:31:56 -0700
Processing by CatsController#edit as HTML
  Parameters: {"id"=>"6"}
  [1m[36mCat Load (1.5ms)[0m  [1m[34mSELECT  "cats".* FROM "cats" WHERE "cats"."id" = $1 LIMIT $2[0m  [["id", 6], ["LIMIT", 1]]
  ↳ app/controllers/cats_controller.rb:18
  Rendering cats/edit.html.erb within layouts/application
  Rendered cats/edit.html.erb within layouts/application (1.0ms)
Completed 200 OK in 14ms (Views: 10.1ms | ActiveRecord: 1.5ms)


Started GET "/cats/6/edit" for 127.0.0.1 at 2018-09-11 17:32:19 -0700
Processing by CatsController#edit as HTML
  Parameters: {"id"=>"6"}
  [1m[36mCat Load (0.6ms)[0m  [1m[34mSELECT  "cats".* FROM "cats" WHERE "cats"."id" = $1 LIMIT $2[0m  [["id", 6], ["LIMIT", 1]]
  ↳ app/controllers/cats_controller.rb:18
  Rendering cats/edit.html.erb within layouts/application
  Rendered cats/edit.html.erb within layouts/application (1.1ms)
Completed 200 OK in 12ms (Views: 9.7ms | ActiveRecord: 0.6ms)


